2014/04/03 17:14:19 [error] [exception.CException] exception 'CException' with message 'Alias "gii.GiiModule" is invalid. Make sure it points to an existing PHP file and the file is readable.' in /var/www/gschool/framework/YiiBase.php:322
Stack trace:
#0 /var/www/gschool/framework/YiiBase.php(196): YiiBase::import('gii.GiiModule', true)
#1 /var/www/gschool/framework/base/CModule.php(282): YiiBase::createComponent('gii.GiiModule', 'gii', NULL, Array)
#2 /var/www/gschool/framework/web/CWebApplication.php(337): CModule->getModule('gii')
#3 /var/www/gschool/framework/web/CWebApplication.php(276): CWebApplication->createController('gii')
#4 /var/www/gschool/framework/web/CWebApplication.php(141): CWebApplication->runController('gii')
#5 /var/www/gschool/framework/base/CApplication.php(180): CWebApplication->processRequest()
#6 /var/www/gschool/index.php(13): CApplication->run()
#7 {main}
REQUEST_URI=/gschool/index.php/gii
HTTP_REFERER=http://localhost/gschool/index.php
---
2014/04/03 17:16:16 [error] [exception.CException] exception 'CException' with message 'Alias "gii.GiiModule" is invalid. Make sure it points to an existing PHP file and the file is readable.' in /var/www/gschool/framework/YiiBase.php:322
Stack trace:
#0 /var/www/gschool/framework/YiiBase.php(196): YiiBase::import('gii.GiiModule', true)
#1 /var/www/gschool/framework/base/CModule.php(282): YiiBase::createComponent('gii.GiiModule', 'gii', NULL, Array)
#2 /var/www/gschool/framework/web/CWebApplication.php(337): CModule->getModule('gii')
#3 /var/www/gschool/framework/web/CWebApplication.php(276): CWebApplication->createController('gii')
#4 /var/www/gschool/framework/web/CWebApplication.php(141): CWebApplication->runController('gii')
#5 /var/www/gschool/framework/base/CApplication.php(180): CWebApplication->processRequest()
#6 /var/www/gschool/index.php(13): CApplication->run()
#7 {main}
REQUEST_URI=/gschool/index.php/gii
---
2014/04/03 17:19:20 [error] [exception.CDbException] exception 'CDbException' with message 'CDbConnection failed to open the DB connection: SQLSTATE[42000] [1049] Unknown database 'gschool'' in /var/www/gschool/framework/db/CDbConnection.php:382
Stack trace:
#0 /var/www/gschool/framework/db/CDbConnection.php(330): CDbConnection->open()
#1 /var/www/gschool/framework/db/CDbConnection.php(308): CDbConnection->setActive(true)
#2 /var/www/gschool/framework/base/CModule.php(387): CDbConnection->init()
#3 /var/www/gschool/framework/base/CModule.php(103): CModule->getComponent('db')
#4 /var/www/gschool/framework/gii/generators/model/ModelCode.php(60): CModule->__get('db')
#5 /var/www/gschool/framework/web/CFormModel.php(39): ModelCode->init()
#6 /var/www/gschool/framework/gii/CCodeGenerator.php(153): CFormModel->__construct()
#7 /var/www/gschool/framework/gii/CCodeGenerator.php(63): CCodeGenerator->prepare()
#8 /var/www/gschool/framework/web/actions/CInlineAction.php(49): CCodeGenerator->actionIndex()
#9 /var/www/gschool/framework/web/CController.php(308): CInlineAction->runWithParams(Array)
#10 /var/www/gschool/framework/web/CController.php(286): CController->runAction(Object(CInlineAction))
#11 /var/www/gschool/framework/web/CController.php(265): CController->runActionWithFilters(Object(CInlineAction), Array)
#12 /var/www/gschool/framework/web/CWebApplication.php(282): CController->run('index')
#13 /var/www/gschool/framework/web/CWebApplication.php(141): CWebApplication->runController('gii/model/index')
#14 /var/www/gschool/framework/base/CApplication.php(180): CWebApplication->processRequest()
#15 /var/www/gschool/index.php(13): CApplication->run()
#16 {main}
REQUEST_URI=/gschool/index.php/gii/model/index
HTTP_REFERER=http://localhost/gschool/index.php/gii/default/index
---
2014/04/03 17:19:55 [error] [exception.CException] exception 'CException' with message 'Property "GiiModule.0" is not defined.' in /var/www/gschool/framework/base/CComponent.php:173
Stack trace:
#0 /var/www/gschool/framework/base/CModule.php(513): CComponent->__set('0', 'gschool')
#1 /var/www/gschool/framework/base/CModule.php(86): CModule->configure(Array)
#2 /var/www/gschool/framework/YiiBase.php(206): CModule->__construct('gii', NULL, Array)
#3 /var/www/gschool/framework/base/CModule.php(282): YiiBase::createComponent('system.gii.GiiM...', 'gii', NULL, Array)
#4 /var/www/gschool/framework/web/CWebApplication.php(337): CModule->getModule('gii')
#5 /var/www/gschool/framework/web/CWebApplication.php(276): CWebApplication->createController('gii/model/index')
#6 /var/www/gschool/framework/web/CWebApplication.php(141): CWebApplication->runController('gii/model/index')
#7 /var/www/gschool/framework/base/CApplication.php(180): CWebApplication->processRequest()
#8 /var/www/gschool/index.php(13): CApplication->run()
#9 {main}
REQUEST_URI=/gschool/index.php/gii/model/index
HTTP_REFERER=http://localhost/gschool/index.php/gii/default/index
---
2014/04/03 17:20:09 [error] [exception.CException] exception 'CException' with message 'Property "GiiModule.0" is not defined.' in /var/www/gschool/framework/base/CComponent.php:173
Stack trace:
#0 /var/www/gschool/framework/base/CModule.php(513): CComponent->__set('0', 'gschool')
#1 /var/www/gschool/framework/base/CModule.php(86): CModule->configure(Array)
#2 /var/www/gschool/framework/YiiBase.php(206): CModule->__construct('gii', NULL, Array)
#3 /var/www/gschool/framework/base/CModule.php(282): YiiBase::createComponent('system.gii.GiiM...', 'gii', NULL, Array)
#4 /var/www/gschool/framework/web/CWebApplication.php(337): CModule->getModule('gii')
#5 /var/www/gschool/framework/web/CWebApplication.php(276): CWebApplication->createController('gii/default/ind...')
#6 /var/www/gschool/framework/web/CWebApplication.php(141): CWebApplication->runController('gii/default/ind...')
#7 /var/www/gschool/framework/base/CApplication.php(180): CWebApplication->processRequest()
#8 /var/www/gschool/index.php(13): CApplication->run()
#9 {main}
REQUEST_URI=/gschool/index.php/gii/default/index
HTTP_REFERER=http://localhost/gschool/index.php/gii/default/login
---
2014/04/03 17:20:13 [error] [exception.CException] exception 'CException' with message 'Property "GiiModule.0" is not defined.' in /var/www/gschool/framework/base/CComponent.php:173
Stack trace:
#0 /var/www/gschool/framework/base/CModule.php(513): CComponent->__set('0', 'gschool')
#1 /var/www/gschool/framework/base/CModule.php(86): CModule->configure(Array)
#2 /var/www/gschool/framework/YiiBase.php(206): CModule->__construct('gii', NULL, Array)
#3 /var/www/gschool/framework/base/CModule.php(282): YiiBase::createComponent('system.gii.GiiM...', 'gii', NULL, Array)
#4 /var/www/gschool/framework/web/CWebApplication.php(337): CModule->getModule('gii')
#5 /var/www/gschool/framework/web/CWebApplication.php(276): CWebApplication->createController('gii')
#6 /var/www/gschool/framework/web/CWebApplication.php(141): CWebApplication->runController('gii')
#7 /var/www/gschool/framework/base/CApplication.php(180): CWebApplication->processRequest()
#8 /var/www/gschool/index.php(13): CApplication->run()
#9 {main}
REQUEST_URI=/gschool/index.php/gii
---
2014/04/03 17:20:15 [error] [exception.CException] exception 'CException' with message 'Property "GiiModule.0" is not defined.' in /var/www/gschool/framework/base/CComponent.php:173
Stack trace:
#0 /var/www/gschool/framework/base/CModule.php(513): CComponent->__set('0', 'gschool')
#1 /var/www/gschool/framework/base/CModule.php(86): CModule->configure(Array)
#2 /var/www/gschool/framework/YiiBase.php(206): CModule->__construct('gii', NULL, Array)
#3 /var/www/gschool/framework/base/CModule.php(282): YiiBase::createComponent('system.gii.GiiM...', 'gii', NULL, Array)
#4 /var/www/gschool/framework/web/CWebApplication.php(337): CModule->getModule('gii')
#5 /var/www/gschool/framework/web/CWebApplication.php(276): CWebApplication->createController('gii')
#6 /var/www/gschool/framework/web/CWebApplication.php(141): CWebApplication->runController('gii')
#7 /var/www/gschool/framework/base/CApplication.php(180): CWebApplication->processRequest()
#8 /var/www/gschool/index.php(13): CApplication->run()
#9 {main}
REQUEST_URI=/gschool/index.php/gii
---
2014/04/03 17:20:23 [error] [exception.CException] exception 'CException' with message 'Property "GiiModule.0" is not defined.' in /var/www/gschool/framework/base/CComponent.php:173
Stack trace:
#0 /var/www/gschool/framework/base/CModule.php(513): CComponent->__set('0', 'gschool')
#1 /var/www/gschool/framework/base/CModule.php(86): CModule->configure(Array)
#2 /var/www/gschool/framework/YiiBase.php(206): CModule->__construct('gii', NULL, Array)
#3 /var/www/gschool/framework/base/CModule.php(282): YiiBase::createComponent('system.gii.GiiM...', 'gii', NULL, Array)
#4 /var/www/gschool/framework/web/CWebApplication.php(337): CModule->getModule('gii')
#5 /var/www/gschool/framework/web/CWebApplication.php(276): CWebApplication->createController('gii')
#6 /var/www/gschool/framework/web/CWebApplication.php(141): CWebApplication->runController('gii')
#7 /var/www/gschool/framework/base/CApplication.php(180): CWebApplication->processRequest()
#8 /var/www/gschool/index.php(13): CApplication->run()
#9 {main}
REQUEST_URI=/gschool/index.php/gii
HTTP_REFERER=http://localhost/gschool/index.php
---
2014/04/03 17:21:13 [error] [exception.CDbException] exception 'CDbException' with message 'CDbConnection failed to open the DB connection: SQLSTATE[42000] [1049] Unknown database 'gschool'' in /var/www/gschool/framework/db/CDbConnection.php:382
Stack trace:
#0 /var/www/gschool/framework/db/CDbConnection.php(330): CDbConnection->open()
#1 /var/www/gschool/framework/db/CDbConnection.php(308): CDbConnection->setActive(true)
#2 /var/www/gschool/framework/base/CModule.php(387): CDbConnection->init()
#3 /var/www/gschool/framework/base/CModule.php(103): CModule->getComponent('db')
#4 /var/www/gschool/framework/gii/generators/crud/CrudCode.php(44): CModule->__get('db')
#5 /var/www/gschool/framework/web/CFormModel.php(39): CrudCode->init()
#6 /var/www/gschool/framework/gii/CCodeGenerator.php(153): CFormModel->__construct()
#7 /var/www/gschool/framework/gii/CCodeGenerator.php(63): CCodeGenerator->prepare()
#8 /var/www/gschool/framework/web/actions/CInlineAction.php(49): CCodeGenerator->actionIndex()
#9 /var/www/gschool/framework/web/CController.php(308): CInlineAction->runWithParams(Array)
#10 /var/www/gschool/framework/web/CController.php(286): CController->runAction(Object(CInlineAction))
#11 /var/www/gschool/framework/web/CController.php(265): CController->runActionWithFilters(Object(CInlineAction), Array)
#12 /var/www/gschool/framework/web/CWebApplication.php(282): CController->run('index')
#13 /var/www/gschool/framework/web/CWebApplication.php(141): CWebApplication->runController('gii/bootstrap/i...')
#14 /var/www/gschool/framework/base/CApplication.php(180): CWebApplication->processRequest()
#15 /var/www/gschool/index.php(13): CApplication->run()
#16 {main}
REQUEST_URI=/gschool/index.php/gii/bootstrap/index
HTTP_REFERER=http://localhost/gschool/index.php/gii
---
2014/04/03 18:22:13 [error] [php] date() expects parameter 2 to be long, string given (/var/www/gschool/protected/models/Course.php:94)
Stack trace:
#0 /var/www/gschool/framework/base/CModel.php(156): Course->beforeValidate()
#1 /var/www/gschool/framework/db/ar/CActiveRecord.php(805): Course->validate()
#2 /var/www/gschool/protected/controllers/CourseController.php(72): Course->save()
#3 /var/www/gschool/framework/web/actions/CInlineAction.php(49): CourseController->actionCreate()
#4 /var/www/gschool/framework/web/CController.php(308): CInlineAction->runWithParams()
#5 /var/www/gschool/framework/web/filters/CFilterChain.php(133): CourseController->runAction()
#6 /var/www/gschool/framework/web/filters/CFilter.php(40): CFilterChain->run()
#7 /var/www/gschool/framework/web/CController.php(1145): CAccessControlFilter->filter()
#8 /var/www/gschool/framework/web/filters/CInlineFilter.php(58): CourseController->filterAccessControl()
#9 /var/www/gschool/framework/web/filters/CFilterChain.php(130): CInlineFilter->filter()
#10 /var/www/gschool/framework/web/CController.php(291): CFilterChain->run()
#11 /var/www/gschool/framework/web/CController.php(265): CourseController->runActionWithFilters()
#12 /var/www/gschool/framework/web/CWebApplication.php(282): CourseController->run()
#13 /var/www/gschool/framework/web/CWebApplication.php(141): CWebApplication->runController()
#14 /var/www/gschool/framework/base/CApplication.php(180): CWebApplication->processRequest()
#15 /var/www/gschool/index.php(13): CWebApplication->run()
REQUEST_URI=/gschool/index.php/course/create
in /var/www/gschool/protected/models/Course.php (94)
in /var/www/gschool/protected/controllers/CourseController.php (72)
in /var/www/gschool/index.php (13)
2014/04/03 19:43:23 [error] [exception.CException] exception 'CException' with message 'Alias "bootstrap.widgets.TbDatePicker" is invalid. Make sure it points to an existing PHP file and the file is readable.' in /var/www/gschool/framework/YiiBase.php:322
Stack trace:
#0 /var/www/gschool/framework/web/CWidgetFactory.php(146): YiiBase::import('bootstrap.widge...', true)
#1 /var/www/gschool/framework/web/CBaseController.php(146): CWidgetFactory->createWidget(Object(BatchController), 'bootstrap.widge...', Array)
#2 /var/www/gschool/framework/web/CBaseController.php(172): CBaseController->createWidget('bootstrap.widge...', Array)
#3 /var/www/gschool/protected/views/batch/_form.php(22): CBaseController->widget('bootstrap.widge...', Array)
#4 /var/www/gschool/framework/web/CBaseController.php(126): require('/var/www/gschoo...')
#5 /var/www/gschool/framework/web/CBaseController.php(95): CBaseController->renderInternal('/var/www/gschoo...', Array, true)
#6 /var/www/gschool/framework/web/CController.php(869): CBaseController->renderFile('/var/www/gschoo...', Array, true)
#7 /var/www/gschool/protected/views/batch/create.php(15): CController->renderPartial('_form', Array)
#8 /var/www/gschool/framework/web/CBaseController.php(126): require('/var/www/gschoo...')
#9 /var/www/gschool/framework/web/CBaseController.php(95): CBaseController->renderInternal('/var/www/gschoo...', Array, true)
#10 /var/www/gschool/framework/web/CController.php(869): CBaseController->renderFile('/var/www/gschoo...', Array, true)
#11 /var/www/gschool/framework/web/CController.php(782): CController->renderPartial('create', Array, true)
#12 /var/www/gschool/protected/controllers/BatchController.php(78): CController->render('create', Array)
#13 /var/www/gschool/framework/web/actions/CInlineAction.php(49): BatchController->actionCreate()
#14 /var/www/gschool/framework/web/CController.php(308): CInlineAction->runWithParams(Array)
#15 /var/www/gschool/framework/web/filters/CFilterChain.php(133): CController->runAction(Object(CInlineAction))
#16 /var/www/gschool/framework/web/filters/CFilter.php(40): CFilterChain->run()
#17 /var/www/gschool/framework/web/CController.php(1145): CFilter->filter(Object(CFilterChain))
#18 /var/www/gschool/framework/web/filters/CInlineFilter.php(58): CController->filterAccessControl(Object(CFilterChain))
#19 /var/www/gschool/framework/web/filters/CFilterChain.php(130): CInlineFilter->filter(Object(CFilterChain))
#20 /var/www/gschool/framework/web/CController.php(291): CFilterChain->run()
#21 /var/www/gschool/framework/web/CController.php(265): CController->runActionWithFilters(Object(CInlineAction), Array)
#22 /var/www/gschool/framework/web/CWebApplication.php(282): CController->run('create')
#23 /var/www/gschool/framework/web/CWebApplication.php(141): CWebApplication->runController('batch/create')
#24 /var/www/gschool/framework/base/CApplication.php(180): CWebApplication->processRequest()
#25 /var/www/gschool/index.php(13): CApplication->run()
#26 {main}
REQUEST_URI=/gschool/index.php/batch/create
HTTP_REFERER=http://localhost/gschool/index.php/batch/index
---
2014/04/03 19:45:09 [error] [exception.CException] exception 'CException' with message 'Bootstrap and its behaviors do not have a method or closure named "registerPackage".' in /var/www/gschool/framework/base/CComponent.php:266
Stack trace:
#0 /var/www/gschool/protected/extensions/bootstrap/widgets/TbDatePicker.php(93): CComponent->__call('registerPackage', Array)
#1 /var/www/gschool/protected/extensions/bootstrap/widgets/TbDatePicker.php(93): Bootstrap->registerPackage('datepicker')
#2 /var/www/gschool/protected/extensions/bootstrap/widgets/TbDatePicker.php(71): TbDatePicker->registerClientScript()
#3 /var/www/gschool/framework/web/CBaseController.php(173): TbDatePicker->run()
#4 /var/www/gschool/protected/views/batch/_form.php(22): CBaseController->widget('bootstrap.widge...', Array)
#5 /var/www/gschool/framework/web/CBaseController.php(126): require('/var/www/gschoo...')
#6 /var/www/gschool/framework/web/CBaseController.php(95): CBaseController->renderInternal('/var/www/gschoo...', Array, true)
#7 /var/www/gschool/framework/web/CController.php(869): CBaseController->renderFile('/var/www/gschoo...', Array, true)
#8 /var/www/gschool/protected/views/batch/create.php(15): CController->renderPartial('_form', Array)
#9 /var/www/gschool/framework/web/CBaseController.php(126): require('/var/www/gschoo...')
#10 /var/www/gschool/framework/web/CBaseController.php(95): CBaseController->renderInternal('/var/www/gschoo...', Array, true)
#11 /var/www/gschool/framework/web/CController.php(869): CBaseController->renderFile('/var/www/gschoo...', Array, true)
#12 /var/www/gschool/framework/web/CController.php(782): CController->renderPartial('create', Array, true)
#13 /var/www/gschool/protected/controllers/BatchController.php(78): CController->render('create', Array)
#14 /var/www/gschool/framework/web/actions/CInlineAction.php(49): BatchController->actionCreate()
#15 /var/www/gschool/framework/web/CController.php(308): CInlineAction->runWithParams(Array)
#16 /var/www/gschool/framework/web/filters/CFilterChain.php(133): CController->runAction(Object(CInlineAction))
#17 /var/www/gschool/framework/web/filters/CFilter.php(40): CFilterChain->run()
#18 /var/www/gschool/framework/web/CController.php(1145): CFilter->filter(Object(CFilterChain))
#19 /var/www/gschool/framework/web/filters/CInlineFilter.php(58): CController->filterAccessControl(Object(CFilterChain))
#20 /var/www/gschool/framework/web/filters/CFilterChain.php(130): CInlineFilter->filter(Object(CFilterChain))
#21 /var/www/gschool/framework/web/CController.php(291): CFilterChain->run()
#22 /var/www/gschool/framework/web/CController.php(265): CController->runActionWithFilters(Object(CInlineAction), Array)
#23 /var/www/gschool/framework/web/CWebApplication.php(282): CController->run('create')
#24 /var/www/gschool/framework/web/CWebApplication.php(141): CWebApplication->runController('batch/create')
#25 /var/www/gschool/framework/base/CApplication.php(180): CWebApplication->processRequest()
#26 /var/www/gschool/index.php(13): CApplication->run()
#27 {main}
REQUEST_URI=/gschool/index.php/batch/create
HTTP_REFERER=http://localhost/gschool/index.php/batch/index
---
2014/04/03 19:45:26 [error] [exception.CException] exception 'CException' with message 'Bootstrap and its behaviors do not have a method or closure named "registerPackage".' in /var/www/gschool/framework/base/CComponent.php:266
Stack trace:
#0 /var/www/gschool/protected/extensions/bootstrap/widgets/TbDatePicker.php(93): CComponent->__call('registerPackage', Array)
#1 /var/www/gschool/protected/extensions/bootstrap/widgets/TbDatePicker.php(93): Bootstrap->registerPackage('datepicker')
#2 /var/www/gschool/protected/extensions/bootstrap/widgets/TbDatePicker.php(71): TbDatePicker->registerClientScript()
#3 /var/www/gschool/framework/web/CBaseController.php(173): TbDatePicker->run()
#4 /var/www/gschool/protected/views/batch/_form.php(22): CBaseController->widget('bootstrap.widge...', Array)
#5 /var/www/gschool/framework/web/CBaseController.php(126): require('/var/www/gschoo...')
#6 /var/www/gschool/framework/web/CBaseController.php(95): CBaseController->renderInternal('/var/www/gschoo...', Array, true)
#7 /var/www/gschool/framework/web/CController.php(869): CBaseController->renderFile('/var/www/gschoo...', Array, true)
#8 /var/www/gschool/protected/views/batch/create.php(15): CController->renderPartial('_form', Array)
#9 /var/www/gschool/framework/web/CBaseController.php(126): require('/var/www/gschoo...')
#10 /var/www/gschool/framework/web/CBaseController.php(95): CBaseController->renderInternal('/var/www/gschoo...', Array, true)
#11 /var/www/gschool/framework/web/CController.php(869): CBaseController->renderFile('/var/www/gschoo...', Array, true)
#12 /var/www/gschool/framework/web/CController.php(782): CController->renderPartial('create', Array, true)
#13 /var/www/gschool/protected/controllers/BatchController.php(78): CController->render('create', Array)
#14 /var/www/gschool/framework/web/actions/CInlineAction.php(49): BatchController->actionCreate()
#15 /var/www/gschool/framework/web/CController.php(308): CInlineAction->runWithParams(Array)
#16 /var/www/gschool/framework/web/filters/CFilterChain.php(133): CController->runAction(Object(CInlineAction))
#17 /var/www/gschool/framework/web/filters/CFilter.php(40): CFilterChain->run()
#18 /var/www/gschool/framework/web/CController.php(1145): CFilter->filter(Object(CFilterChain))
#19 /var/www/gschool/framework/web/filters/CInlineFilter.php(58): CController->filterAccessControl(Object(CFilterChain))
#20 /var/www/gschool/framework/web/filters/CFilterChain.php(130): CInlineFilter->filter(Object(CFilterChain))
#21 /var/www/gschool/framework/web/CController.php(291): CFilterChain->run()
#22 /var/www/gschool/framework/web/CController.php(265): CController->runActionWithFilters(Object(CInlineAction), Array)
#23 /var/www/gschool/framework/web/CWebApplication.php(282): CController->run('create')
#24 /var/www/gschool/framework/web/CWebApplication.php(141): CWebApplication->runController('batch/create')
#25 /var/www/gschool/framework/base/CApplication.php(180): CWebApplication->processRequest()
#26 /var/www/gschool/index.php(13): CApplication->run()
#27 {main}
REQUEST_URI=/gschool/index.php/batch/create
HTTP_REFERER=http://localhost/gschool/index.php/batch/index
---
2014/04/03 19:49:10 [error] [exception.CException] exception 'CException' with message 'Bootstrap and its behaviors do not have a method or closure named "registerPackage".' in /var/www/gschool/framework/base/CComponent.php:266
Stack trace:
#0 /var/www/gschool/protected/extensions/bootstrap/widgets/TbDatePicker.php(93): CComponent->__call('registerPackage', Array)
#1 /var/www/gschool/protected/extensions/bootstrap/widgets/TbDatePicker.php(93): Bootstrap->registerPackage('datepicker')
#2 /var/www/gschool/protected/extensions/bootstrap/widgets/TbDatePicker.php(71): TbDatePicker->registerClientScript()
#3 /var/www/gschool/framework/web/CBaseController.php(173): TbDatePicker->run()
#4 /var/www/gschool/protected/views/batch/_form.php(22): CBaseController->widget('bootstrap.widge...', Array)
#5 /var/www/gschool/framework/web/CBaseController.php(126): require('/var/www/gschoo...')
#6 /var/www/gschool/framework/web/CBaseController.php(95): CBaseController->renderInternal('/var/www/gschoo...', Array, true)
#7 /var/www/gschool/framework/web/CController.php(869): CBaseController->renderFile('/var/www/gschoo...', Array, true)
#8 /var/www/gschool/protected/views/batch/create.php(15): CController->renderPartial('_form', Array)
#9 /var/www/gschool/framework/web/CBaseController.php(126): require('/var/www/gschoo...')
#10 /var/www/gschool/framework/web/CBaseController.php(95): CBaseController->renderInternal('/var/www/gschoo...', Array, true)
#11 /var/www/gschool/framework/web/CController.php(869): CBaseController->renderFile('/var/www/gschoo...', Array, true)
#12 /var/www/gschool/framework/web/CController.php(782): CController->renderPartial('create', Array, true)
#13 /var/www/gschool/protected/controllers/BatchController.php(78): CController->render('create', Array)
#14 /var/www/gschool/framework/web/actions/CInlineAction.php(49): BatchController->actionCreate()
#15 /var/www/gschool/framework/web/CController.php(308): CInlineAction->runWithParams(Array)
#16 /var/www/gschool/framework/web/filters/CFilterChain.php(133): CController->runAction(Object(CInlineAction))
#17 /var/www/gschool/framework/web/filters/CFilter.php(40): CFilterChain->run()
#18 /var/www/gschool/framework/web/CController.php(1145): CFilter->filter(Object(CFilterChain))
#19 /var/www/gschool/framework/web/filters/CInlineFilter.php(58): CController->filterAccessControl(Object(CFilterChain))
#20 /var/www/gschool/framework/web/filters/CFilterChain.php(130): CInlineFilter->filter(Object(CFilterChain))
#21 /var/www/gschool/framework/web/CController.php(291): CFilterChain->run()
#22 /var/www/gschool/framework/web/CController.php(265): CController->runActionWithFilters(Object(CInlineAction), Array)
#23 /var/www/gschool/framework/web/CWebApplication.php(282): CController->run('create')
#24 /var/www/gschool/framework/web/CWebApplication.php(141): CWebApplication->runController('batch/create')
#25 /var/www/gschool/framework/base/CApplication.php(180): CWebApplication->processRequest()
#26 /var/www/gschool/index.php(13): CApplication->run()
#27 {main}
REQUEST_URI=/gschool/index.php/batch/create
HTTP_REFERER=http://localhost/gschool/index.php/batch/index
---
2014/04/03 19:49:11 [error] [exception.CException] exception 'CException' with message 'Bootstrap and its behaviors do not have a method or closure named "registerPackage".' in /var/www/gschool/framework/base/CComponent.php:266
Stack trace:
#0 /var/www/gschool/protected/extensions/bootstrap/widgets/TbDatePicker.php(93): CComponent->__call('registerPackage', Array)
#1 /var/www/gschool/protected/extensions/bootstrap/widgets/TbDatePicker.php(93): Bootstrap->registerPackage('datepicker')
#2 /var/www/gschool/protected/extensions/bootstrap/widgets/TbDatePicker.php(71): TbDatePicker->registerClientScript()
#3 /var/www/gschool/framework/web/CBaseController.php(173): TbDatePicker->run()
#4 /var/www/gschool/protected/views/batch/_form.php(22): CBaseController->widget('bootstrap.widge...', Array)
#5 /var/www/gschool/framework/web/CBaseController.php(126): require('/var/www/gschoo...')
#6 /var/www/gschool/framework/web/CBaseController.php(95): CBaseController->renderInternal('/var/www/gschoo...', Array, true)
#7 /var/www/gschool/framework/web/CController.php(869): CBaseController->renderFile('/var/www/gschoo...', Array, true)
#8 /var/www/gschool/protected/views/batch/create.php(15): CController->renderPartial('_form', Array)
#9 /var/www/gschool/framework/web/CBaseController.php(126): require('/var/www/gschoo...')
#10 /var/www/gschool/framework/web/CBaseController.php(95): CBaseController->renderInternal('/var/www/gschoo...', Array, true)
#11 /var/www/gschool/framework/web/CController.php(869): CBaseController->renderFile('/var/www/gschoo...', Array, true)
#12 /var/www/gschool/framework/web/CController.php(782): CController->renderPartial('create', Array, true)
#13 /var/www/gschool/protected/controllers/BatchController.php(78): CController->render('create', Array)
#14 /var/www/gschool/framework/web/actions/CInlineAction.php(49): BatchController->actionCreate()
#15 /var/www/gschool/framework/web/CController.php(308): CInlineAction->runWithParams(Array)
#16 /var/www/gschool/framework/web/filters/CFilterChain.php(133): CController->runAction(Object(CInlineAction))
#17 /var/www/gschool/framework/web/filters/CFilter.php(40): CFilterChain->run()
#18 /var/www/gschool/framework/web/CController.php(1145): CFilter->filter(Object(CFilterChain))
#19 /var/www/gschool/framework/web/filters/CInlineFilter.php(58): CController->filterAccessControl(Object(CFilterChain))
#20 /var/www/gschool/framework/web/filters/CFilterChain.php(130): CInlineFilter->filter(Object(CFilterChain))
#21 /var/www/gschool/framework/web/CController.php(291): CFilterChain->run()
#22 /var/www/gschool/framework/web/CController.php(265): CController->runActionWithFilters(Object(CInlineAction), Array)
#23 /var/www/gschool/framework/web/CWebApplication.php(282): CController->run('create')
#24 /var/www/gschool/framework/web/CWebApplication.php(141): CWebApplication->runController('batch/create')
#25 /var/www/gschool/framework/base/CApplication.php(180): CWebApplication->processRequest()
#26 /var/www/gschool/index.php(13): CApplication->run()
#27 {main}
REQUEST_URI=/gschool/index.php/batch/create
HTTP_REFERER=http://localhost/gschool/index.php/batch/index
---
2014/04/03 19:52:24 [error] [php] include(Bootstrap.php): failed to open stream: No such file or directory (/var/www/gschool/framework/YiiBase.php:427)
Stack trace:
#0 /var/www/gschool/protected/extensions/bootstrap/widgets/TbDatePicker.php(93): spl_autoload_call()
#1 /var/www/gschool/protected/extensions/bootstrap/widgets/TbDatePicker.php(71): TbDatePicker->registerClientScript()
#2 /var/www/gschool/framework/web/CBaseController.php(173): TbDatePicker->run()
#3 /var/www/gschool/protected/views/batch/_form.php(22): BatchController->widget()
#4 /var/www/gschool/framework/web/CBaseController.php(126): require()
#5 /var/www/gschool/framework/web/CBaseController.php(95): BatchController->renderInternal()
#6 /var/www/gschool/framework/web/CController.php(869): BatchController->renderFile()
#7 /var/www/gschool/protected/views/batch/create.php(15): BatchController->renderPartial()
#8 /var/www/gschool/framework/web/CBaseController.php(126): require()
#9 /var/www/gschool/framework/web/CBaseController.php(95): BatchController->renderInternal()
#10 /var/www/gschool/framework/web/CController.php(869): BatchController->renderFile()
#11 /var/www/gschool/framework/web/CController.php(782): BatchController->renderPartial()
#12 /var/www/gschool/protected/controllers/BatchController.php(78): BatchController->render()
#13 /var/www/gschool/framework/web/actions/CInlineAction.php(49): BatchController->actionCreate()
#14 /var/www/gschool/framework/web/CController.php(308): CInlineAction->runWithParams()
#15 /var/www/gschool/framework/web/filters/CFilterChain.php(133): BatchController->runAction()
#16 /var/www/gschool/framework/web/filters/CFilter.php(40): CFilterChain->run()
#17 /var/www/gschool/framework/web/CController.php(1145): CAccessControlFilter->filter()
#18 /var/www/gschool/framework/web/filters/CInlineFilter.php(58): BatchController->filterAccessControl()
#19 /var/www/gschool/framework/web/filters/CFilterChain.php(130): CInlineFilter->filter()
#20 /var/www/gschool/framework/web/CController.php(291): CFilterChain->run()
#21 /var/www/gschool/framework/web/CController.php(265): BatchController->runActionWithFilters()
#22 /var/www/gschool/framework/web/CWebApplication.php(282): BatchController->run()
#23 /var/www/gschool/framework/web/CWebApplication.php(141): CWebApplication->runController()
#24 /var/www/gschool/framework/base/CApplication.php(180): CWebApplication->processRequest()
#25 /var/www/gschool/index.php(13): CWebApplication->run()
REQUEST_URI=/gschool/index.php/batch/create
in /var/www/gschool/protected/extensions/bootstrap/widgets/TbDatePicker.php (93)
in /var/www/gschool/protected/extensions/bootstrap/widgets/TbDatePicker.php (71)
in /var/www/gschool/protected/views/batch/_form.php (22)
2014/04/03 19:52:25 [error] [php] include(Bootstrap.php): failed to open stream: No such file or directory (/var/www/gschool/framework/YiiBase.php:427)
Stack trace:
#0 /var/www/gschool/protected/extensions/bootstrap/widgets/TbDatePicker.php(93): spl_autoload_call()
#1 /var/www/gschool/protected/extensions/bootstrap/widgets/TbDatePicker.php(71): TbDatePicker->registerClientScript()
#2 /var/www/gschool/framework/web/CBaseController.php(173): TbDatePicker->run()
#3 /var/www/gschool/protected/views/batch/_form.php(22): BatchController->widget()
#4 /var/www/gschool/framework/web/CBaseController.php(126): require()
#5 /var/www/gschool/framework/web/CBaseController.php(95): BatchController->renderInternal()
#6 /var/www/gschool/framework/web/CController.php(869): BatchController->renderFile()
#7 /var/www/gschool/protected/views/batch/create.php(15): BatchController->renderPartial()
#8 /var/www/gschool/framework/web/CBaseController.php(126): require()
#9 /var/www/gschool/framework/web/CBaseController.php(95): BatchController->renderInternal()
#10 /var/www/gschool/framework/web/CController.php(869): BatchController->renderFile()
#11 /var/www/gschool/framework/web/CController.php(782): BatchController->renderPartial()
#12 /var/www/gschool/protected/controllers/BatchController.php(78): BatchController->render()
#13 /var/www/gschool/framework/web/actions/CInlineAction.php(49): BatchController->actionCreate()
#14 /var/www/gschool/framework/web/CController.php(308): CInlineAction->runWithParams()
#15 /var/www/gschool/framework/web/filters/CFilterChain.php(133): BatchController->runAction()
#16 /var/www/gschool/framework/web/filters/CFilter.php(40): CFilterChain->run()
#17 /var/www/gschool/framework/web/CController.php(1145): CAccessControlFilter->filter()
#18 /var/www/gschool/framework/web/filters/CInlineFilter.php(58): BatchController->filterAccessControl()
#19 /var/www/gschool/framework/web/filters/CFilterChain.php(130): CInlineFilter->filter()
#20 /var/www/gschool/framework/web/CController.php(291): CFilterChain->run()
#21 /var/www/gschool/framework/web/CController.php(265): BatchController->runActionWithFilters()
#22 /var/www/gschool/framework/web/CWebApplication.php(282): BatchController->run()
#23 /var/www/gschool/framework/web/CWebApplication.php(141): CWebApplication->runController()
#24 /var/www/gschool/framework/base/CApplication.php(180): CWebApplication->processRequest()
#25 /var/www/gschool/index.php(13): CWebApplication->run()
REQUEST_URI=/gschool/index.php/batch/create
in /var/www/gschool/protected/extensions/bootstrap/widgets/TbDatePicker.php (93)
in /var/www/gschool/protected/extensions/bootstrap/widgets/TbDatePicker.php (71)
in /var/www/gschool/protected/views/batch/_form.php (22)
2014/04/03 19:53:28 [error] [php] include(Bootstrap.php): failed to open stream: No such file or directory (/var/www/gschool/framework/YiiBase.php:427)
Stack trace:
#0 /var/www/gschool/protected/extensions/bootstrap/widgets/TbDatePicker.php(93): spl_autoload_call()
#1 /var/www/gschool/protected/extensions/bootstrap/widgets/TbDatePicker.php(71): TbDatePicker->registerClientScript()
#2 /var/www/gschool/framework/web/CBaseController.php(173): TbDatePicker->run()
#3 /var/www/gschool/protected/views/batch/_form.php(22): BatchController->widget()
#4 /var/www/gschool/framework/web/CBaseController.php(126): require()
#5 /var/www/gschool/framework/web/CBaseController.php(95): BatchController->renderInternal()
#6 /var/www/gschool/framework/web/CController.php(869): BatchController->renderFile()
#7 /var/www/gschool/protected/views/batch/create.php(15): BatchController->renderPartial()
#8 /var/www/gschool/framework/web/CBaseController.php(126): require()
#9 /var/www/gschool/framework/web/CBaseController.php(95): BatchController->renderInternal()
#10 /var/www/gschool/framework/web/CController.php(869): BatchController->renderFile()
#11 /var/www/gschool/framework/web/CController.php(782): BatchController->renderPartial()
#12 /var/www/gschool/protected/controllers/BatchController.php(78): BatchController->render()
#13 /var/www/gschool/framework/web/actions/CInlineAction.php(49): BatchController->actionCreate()
#14 /var/www/gschool/framework/web/CController.php(308): CInlineAction->runWithParams()
#15 /var/www/gschool/framework/web/filters/CFilterChain.php(133): BatchController->runAction()
#16 /var/www/gschool/framework/web/filters/CFilter.php(40): CFilterChain->run()
#17 /var/www/gschool/framework/web/CController.php(1145): CAccessControlFilter->filter()
#18 /var/www/gschool/framework/web/filters/CInlineFilter.php(58): BatchController->filterAccessControl()
#19 /var/www/gschool/framework/web/filters/CFilterChain.php(130): CInlineFilter->filter()
#20 /var/www/gschool/framework/web/CController.php(291): CFilterChain->run()
#21 /var/www/gschool/framework/web/CController.php(265): BatchController->runActionWithFilters()
#22 /var/www/gschool/framework/web/CWebApplication.php(282): BatchController->run()
#23 /var/www/gschool/framework/web/CWebApplication.php(141): CWebApplication->runController()
#24 /var/www/gschool/framework/base/CApplication.php(180): CWebApplication->processRequest()
#25 /var/www/gschool/index.php(13): CWebApplication->run()
REQUEST_URI=/gschool/index.php/batch/create
in /var/www/gschool/protected/extensions/bootstrap/widgets/TbDatePicker.php (93)
in /var/www/gschool/protected/extensions/bootstrap/widgets/TbDatePicker.php (71)
in /var/www/gschool/protected/views/batch/_form.php (22)
2014/04/03 19:53:29 [error] [php] include(Bootstrap.php): failed to open stream: No such file or directory (/var/www/gschool/framework/YiiBase.php:427)
Stack trace:
#0 /var/www/gschool/protected/extensions/bootstrap/widgets/TbDatePicker.php(93): spl_autoload_call()
#1 /var/www/gschool/protected/extensions/bootstrap/widgets/TbDatePicker.php(71): TbDatePicker->registerClientScript()
#2 /var/www/gschool/framework/web/CBaseController.php(173): TbDatePicker->run()
#3 /var/www/gschool/protected/views/batch/_form.php(22): BatchController->widget()
#4 /var/www/gschool/framework/web/CBaseController.php(126): require()
#5 /var/www/gschool/framework/web/CBaseController.php(95): BatchController->renderInternal()
#6 /var/www/gschool/framework/web/CController.php(869): BatchController->renderFile()
#7 /var/www/gschool/protected/views/batch/create.php(15): BatchController->renderPartial()
#8 /var/www/gschool/framework/web/CBaseController.php(126): require()
#9 /var/www/gschool/framework/web/CBaseController.php(95): BatchController->renderInternal()
#10 /var/www/gschool/framework/web/CController.php(869): BatchController->renderFile()
#11 /var/www/gschool/framework/web/CController.php(782): BatchController->renderPartial()
#12 /var/www/gschool/protected/controllers/BatchController.php(78): BatchController->render()
#13 /var/www/gschool/framework/web/actions/CInlineAction.php(49): BatchController->actionCreate()
#14 /var/www/gschool/framework/web/CController.php(308): CInlineAction->runWithParams()
#15 /var/www/gschool/framework/web/filters/CFilterChain.php(133): BatchController->runAction()
#16 /var/www/gschool/framework/web/filters/CFilter.php(40): CFilterChain->run()
#17 /var/www/gschool/framework/web/CController.php(1145): CAccessControlFilter->filter()
#18 /var/www/gschool/framework/web/filters/CInlineFilter.php(58): BatchController->filterAccessControl()
#19 /var/www/gschool/framework/web/filters/CFilterChain.php(130): CInlineFilter->filter()
#20 /var/www/gschool/framework/web/CController.php(291): CFilterChain->run()
#21 /var/www/gschool/framework/web/CController.php(265): BatchController->runActionWithFilters()
#22 /var/www/gschool/framework/web/CWebApplication.php(282): BatchController->run()
#23 /var/www/gschool/framework/web/CWebApplication.php(141): CWebApplication->runController()
#24 /var/www/gschool/framework/base/CApplication.php(180): CWebApplication->processRequest()
#25 /var/www/gschool/index.php(13): CWebApplication->run()
REQUEST_URI=/gschool/index.php/batch/create
in /var/www/gschool/protected/extensions/bootstrap/widgets/TbDatePicker.php (93)
in /var/www/gschool/protected/extensions/bootstrap/widgets/TbDatePicker.php (71)
in /var/www/gschool/protected/views/batch/_form.php (22)
2014/04/03 19:53:31 [error] [php] include(Bootstrap.php): failed to open stream: No such file or directory (/var/www/gschool/framework/YiiBase.php:427)
Stack trace:
#0 /var/www/gschool/protected/extensions/bootstrap/widgets/TbDatePicker.php(93): spl_autoload_call()
#1 /var/www/gschool/protected/extensions/bootstrap/widgets/TbDatePicker.php(71): TbDatePicker->registerClientScript()
#2 /var/www/gschool/framework/web/CBaseController.php(173): TbDatePicker->run()
#3 /var/www/gschool/protected/views/batch/_form.php(22): BatchController->widget()
#4 /var/www/gschool/framework/web/CBaseController.php(126): require()
#5 /var/www/gschool/framework/web/CBaseController.php(95): BatchController->renderInternal()
#6 /var/www/gschool/framework/web/CController.php(869): BatchController->renderFile()
#7 /var/www/gschool/protected/views/batch/create.php(15): BatchController->renderPartial()
#8 /var/www/gschool/framework/web/CBaseController.php(126): require()
#9 /var/www/gschool/framework/web/CBaseController.php(95): BatchController->renderInternal()
#10 /var/www/gschool/framework/web/CController.php(869): BatchController->renderFile()
#11 /var/www/gschool/framework/web/CController.php(782): BatchController->renderPartial()
#12 /var/www/gschool/protected/controllers/BatchController.php(78): BatchController->render()
#13 /var/www/gschool/framework/web/actions/CInlineAction.php(49): BatchController->actionCreate()
#14 /var/www/gschool/framework/web/CController.php(308): CInlineAction->runWithParams()
#15 /var/www/gschool/framework/web/filters/CFilterChain.php(133): BatchController->runAction()
#16 /var/www/gschool/framework/web/filters/CFilter.php(40): CFilterChain->run()
#17 /var/www/gschool/framework/web/CController.php(1145): CAccessControlFilter->filter()
#18 /var/www/gschool/framework/web/filters/CInlineFilter.php(58): BatchController->filterAccessControl()
#19 /var/www/gschool/framework/web/filters/CFilterChain.php(130): CInlineFilter->filter()
#20 /var/www/gschool/framework/web/CController.php(291): CFilterChain->run()
#21 /var/www/gschool/framework/web/CController.php(265): BatchController->runActionWithFilters()
#22 /var/www/gschool/framework/web/CWebApplication.php(282): BatchController->run()
#23 /var/www/gschool/framework/web/CWebApplication.php(141): CWebApplication->runController()
#24 /var/www/gschool/framework/base/CApplication.php(180): CWebApplication->processRequest()
#25 /var/www/gschool/index.php(13): CWebApplication->run()
REQUEST_URI=/gschool/index.php/batch/create
in /var/www/gschool/protected/extensions/bootstrap/widgets/TbDatePicker.php (93)
in /var/www/gschool/protected/extensions/bootstrap/widgets/TbDatePicker.php (71)
in /var/www/gschool/protected/views/batch/_form.php (22)
2014/04/03 19:53:32 [error] [php] include(Bootstrap.php): failed to open stream: No such file or directory (/var/www/gschool/framework/YiiBase.php:427)
Stack trace:
#0 /var/www/gschool/protected/extensions/bootstrap/widgets/TbListView.php(45): spl_autoload_call()
#1 /var/www/gschool/framework/web/CBaseController.php(147): TbListView->init()
#2 /var/www/gschool/framework/web/CBaseController.php(172): BatchController->createWidget()
#3 /var/www/gschool/protected/views/batch/index.php(17): BatchController->widget()
#4 /var/www/gschool/framework/web/CBaseController.php(126): require()
#5 /var/www/gschool/framework/web/CBaseController.php(95): BatchController->renderInternal()
#6 /var/www/gschool/framework/web/CController.php(869): BatchController->renderFile()
#7 /var/www/gschool/framework/web/CController.php(782): BatchController->renderPartial()
#8 /var/www/gschool/protected/controllers/BatchController.php(133): BatchController->render()
#9 /var/www/gschool/framework/web/actions/CInlineAction.php(49): BatchController->actionIndex()
#10 /var/www/gschool/framework/web/CController.php(308): CInlineAction->runWithParams()
#11 /var/www/gschool/framework/web/filters/CFilterChain.php(133): BatchController->runAction()
#12 /var/www/gschool/framework/web/filters/CFilter.php(40): CFilterChain->run()
#13 /var/www/gschool/framework/web/CController.php(1145): CAccessControlFilter->filter()
#14 /var/www/gschool/framework/web/filters/CInlineFilter.php(58): BatchController->filterAccessControl()
#15 /var/www/gschool/framework/web/filters/CFilterChain.php(130): CInlineFilter->filter()
#16 /var/www/gschool/framework/web/CController.php(291): CFilterChain->run()
#17 /var/www/gschool/framework/web/CController.php(265): BatchController->runActionWithFilters()
#18 /var/www/gschool/framework/web/CWebApplication.php(282): BatchController->run()
#19 /var/www/gschool/framework/web/CWebApplication.php(141): CWebApplication->runController()
#20 /var/www/gschool/framework/base/CApplication.php(180): CWebApplication->processRequest()
#21 /var/www/gschool/index.php(13): CWebApplication->run()
REQUEST_URI=/gschool/index.php/batch/index
in /var/www/gschool/protected/extensions/bootstrap/widgets/TbListView.php (45)
in /var/www/gschool/protected/views/batch/index.php (17)
in /var/www/gschool/protected/controllers/BatchController.php (133)
2014/04/03 19:53:48 [error] [exception.CException] exception 'CException' with message 'Bootstrap and its behaviors do not have a method or closure named "register".' in /var/www/gschool/framework/base/CComponent.php:266
Stack trace:
#0 /var/www/gschool/themes/bootstrap/views/layouts/main.php(12): CComponent->__call('register', Array)
#1 /var/www/gschool/themes/bootstrap/views/layouts/main.php(12): Bootstrap->register()
#2 /var/www/gschool/framework/web/CBaseController.php(126): require('/var/www/gschoo...')
#3 /var/www/gschool/framework/web/CBaseController.php(95): CBaseController->renderInternal('/var/www/gschoo...', Array, true)
#4 /var/www/gschool/framework/web/widgets/CContentDecorator.php(76): CBaseController->renderFile('/var/www/gschoo...', Array, true)
#5 /var/www/gschool/framework/web/widgets/CContentDecorator.php(54): CContentDecorator->decorate('<div class="row...')
#6 /var/www/gschool/framework/web/widgets/COutputProcessor.php(44): CContentDecorator->processOutput('<div class="row...')
#7 /var/www/gschool/framework/web/CBaseController.php(206): COutputProcessor->run()
#8 /var/www/gschool/framework/web/CBaseController.php(300): CBaseController->endWidget('CContentDecorat...')
#9 /var/www/gschool/themes/bootstrap/views/layouts/column2.php(24): CBaseController->endContent()
#10 /var/www/gschool/framework/web/CBaseController.php(126): require('/var/www/gschoo...')
#11 /var/www/gschool/framework/web/CBaseController.php(95): CBaseController->renderInternal('/var/www/gschoo...', Array, true)
#12 /var/www/gschool/framework/web/CController.php(784): CBaseController->renderFile('/var/www/gschoo...', Array, true)
#13 /var/www/gschool/protected/controllers/BatchController.php(133): CController->render('index', Array)
#14 /var/www/gschool/framework/web/actions/CInlineAction.php(49): BatchController->actionIndex()
#15 /var/www/gschool/framework/web/CController.php(308): CInlineAction->runWithParams(Array)
#16 /var/www/gschool/framework/web/filters/CFilterChain.php(133): CController->runAction(Object(CInlineAction))
#17 /var/www/gschool/framework/web/filters/CFilter.php(40): CFilterChain->run()
#18 /var/www/gschool/framework/web/CController.php(1145): CFilter->filter(Object(CFilterChain))
#19 /var/www/gschool/framework/web/filters/CInlineFilter.php(58): CController->filterAccessControl(Object(CFilterChain))
#20 /var/www/gschool/framework/web/filters/CFilterChain.php(130): CInlineFilter->filter(Object(CFilterChain))
#21 /var/www/gschool/framework/web/CController.php(291): CFilterChain->run()
#22 /var/www/gschool/framework/web/CController.php(265): CController->runActionWithFilters(Object(CInlineAction), Array)
#23 /var/www/gschool/framework/web/CWebApplication.php(282): CController->run('index')
#24 /var/www/gschool/framework/web/CWebApplication.php(141): CWebApplication->runController('batch/index')
#25 /var/www/gschool/framework/base/CApplication.php(180): CWebApplication->processRequest()
#26 /var/www/gschool/index.php(13): CApplication->run()
#27 {main}
REQUEST_URI=/gschool/index.php/batch/index
---
2014/04/03 19:59:45 [error] [exception.CHttpException.404] exception 'CHttpException' with message 'Unable to resolve the request "user".' in /var/www/gschool/framework/web/CWebApplication.php:286
Stack trace:
#0 /var/www/gschool/framework/web/CWebApplication.php(141): CWebApplication->runController('user')
#1 /var/www/gschool/framework/base/CApplication.php(180): CWebApplication->processRequest()
#2 /var/www/gschool/index.php(13): CApplication->run()
#3 {main}
REQUEST_URI=/gschool/index.php/user
HTTP_REFERER=http://localhost/gschool/index.php/site/index
---
2014/04/03 20:01:03 [error] [exception.CHttpException.404] exception 'CHttpException' with message 'Unable to resolve the request "user".' in /var/www/gschool/framework/web/CWebApplication.php:286
Stack trace:
#0 /var/www/gschool/framework/web/CWebApplication.php(141): CWebApplication->runController('user')
#1 /var/www/gschool/framework/base/CApplication.php(180): CWebApplication->processRequest()
#2 /var/www/gschool/index.php(13): CApplication->run()
#3 {main}
REQUEST_URI=/gschool/index.php/user
HTTP_REFERER=http://localhost/gschool/index.php/site/index
---
2014/04/03 23:45:08 [error] [exception.CException] exception 'CException' with message 'Property "TbDatePicker.hint" is not defined.' in /var/www/gschool/framework/base/CComponent.php:173
Stack trace:
#0 /var/www/gschool/framework/web/CWidgetFactory.php(161): CComponent->__set('hint', 'Select the star...')
#1 /var/www/gschool/framework/web/CBaseController.php(146): CWidgetFactory->createWidget(Object(BatchController), 'bootstrap.widge...', Array)
#2 /var/www/gschool/framework/web/CBaseController.php(166): CBaseController->createWidget('bootstrap.widge...', Array)
#3 [internal function]: CBaseController->widget('bootstrap.widge...', Array, true)
#4 /var/www/gschool/protected/extensions/bootstrap/widgets/TbActiveForm.php(1191): call_user_func_array(Array, Array)
#5 /var/www/gschool/protected/extensions/bootstrap/widgets/TbActiveForm.php(1100): TbActiveForm->verticalFieldRow(Array, Object(Batch), 'yearstart', Array)
#6 /var/www/gschool/protected/extensions/bootstrap/widgets/TbActiveForm.php(1076): TbActiveForm->customFieldRowInternal(Array, Object(Batch), 'yearstart', Array)
#7 /var/www/gschool/protected/extensions/bootstrap/widgets/TbActiveForm.php(733): TbActiveForm->widgetRowInternal('bootstrap.widge...', Object(Batch), 'yearstart', Array, Array)
#8 /var/www/gschool/protected/views/batch/_form.php(31): TbActiveForm->datePickerRow(Object(Batch), 'yearstart', Array)
#9 /var/www/gschool/framework/web/CBaseController.php(126): require('/var/www/gschoo...')
#10 /var/www/gschool/framework/web/CBaseController.php(95): CBaseController->renderInternal('/var/www/gschoo...', Array, true)
#11 /var/www/gschool/framework/web/CController.php(869): CBaseController->renderFile('/var/www/gschoo...', Array, true)
#12 /var/www/gschool/protected/views/batch/create.php(15): CController->renderPartial('_form', Array)
#13 /var/www/gschool/framework/web/CBaseController.php(126): require('/var/www/gschoo...')
#14 /var/www/gschool/framework/web/CBaseController.php(95): CBaseController->renderInternal('/var/www/gschoo...', Array, true)
#15 /var/www/gschool/framework/web/CController.php(869): CBaseController->renderFile('/var/www/gschoo...', Array, true)
#16 /var/www/gschool/framework/web/CController.php(782): CController->renderPartial('create', Array, true)
#17 /var/www/gschool/protected/controllers/BatchController.php(78): CController->render('create', Array)
#18 /var/www/gschool/framework/web/actions/CInlineAction.php(49): BatchController->actionCreate()
#19 /var/www/gschool/framework/web/CController.php(308): CInlineAction->runWithParams(Array)
#20 /var/www/gschool/framework/web/filters/CFilterChain.php(133): CController->runAction(Object(CInlineAction))
#21 /var/www/gschool/framework/web/filters/CFilter.php(40): CFilterChain->run()
#22 /var/www/gschool/framework/web/CController.php(1145): CFilter->filter(Object(CFilterChain))
#23 /var/www/gschool/framework/web/filters/CInlineFilter.php(58): CController->filterAccessControl(Object(CFilterChain))
#24 /var/www/gschool/framework/web/filters/CFilterChain.php(130): CInlineFilter->filter(Object(CFilterChain))
#25 /var/www/gschool/framework/web/CController.php(291): CFilterChain->run()
#26 /var/www/gschool/framework/web/CController.php(265): CController->runActionWithFilters(Object(CInlineAction), Array)
#27 /var/www/gschool/framework/web/CWebApplication.php(282): CController->run('create')
#28 /var/www/gschool/framework/web/CWebApplication.php(141): CWebApplication->runController('batch/create')
#29 /var/www/gschool/framework/base/CApplication.php(180): CWebApplication->processRequest()
#30 /var/www/gschool/index.php(13): CApplication->run()
#31 {main}
REQUEST_URI=/gschool/index.php/batch/create
HTTP_REFERER=http://localhost/gschool/index.php/batch/index
---
2014/04/03 23:45:32 [error] [exception.CException] exception 'CException' with message 'Property "TbDatePicker.hint" is not defined.' in /var/www/gschool/framework/base/CComponent.php:173
Stack trace:
#0 /var/www/gschool/framework/web/CWidgetFactory.php(161): CComponent->__set('hint', 'Select the star...')
#1 /var/www/gschool/framework/web/CBaseController.php(146): CWidgetFactory->createWidget(Object(BatchController), 'bootstrap.widge...', Array)
#2 /var/www/gschool/framework/web/CBaseController.php(166): CBaseController->createWidget('bootstrap.widge...', Array)
#3 [internal function]: CBaseController->widget('bootstrap.widge...', Array, true)
#4 /var/www/gschool/protected/extensions/bootstrap/widgets/TbActiveForm.php(1191): call_user_func_array(Array, Array)
#5 /var/www/gschool/protected/extensions/bootstrap/widgets/TbActiveForm.php(1100): TbActiveForm->verticalFieldRow(Array, Object(Batch), 'yearstart', Array)
#6 /var/www/gschool/protected/extensions/bootstrap/widgets/TbActiveForm.php(1076): TbActiveForm->customFieldRowInternal(Array, Object(Batch), 'yearstart', Array)
#7 /var/www/gschool/protected/extensions/bootstrap/widgets/TbActiveForm.php(733): TbActiveForm->widgetRowInternal('bootstrap.widge...', Object(Batch), 'yearstart', Array, Array)
#8 /var/www/gschool/protected/views/batch/_form.php(31): TbActiveForm->datePickerRow(Object(Batch), 'yearstart', Array)
#9 /var/www/gschool/framework/web/CBaseController.php(126): require('/var/www/gschoo...')
#10 /var/www/gschool/framework/web/CBaseController.php(95): CBaseController->renderInternal('/var/www/gschoo...', Array, true)
#11 /var/www/gschool/framework/web/CController.php(869): CBaseController->renderFile('/var/www/gschoo...', Array, true)
#12 /var/www/gschool/protected/views/batch/create.php(15): CController->renderPartial('_form', Array)
#13 /var/www/gschool/framework/web/CBaseController.php(126): require('/var/www/gschoo...')
#14 /var/www/gschool/framework/web/CBaseController.php(95): CBaseController->renderInternal('/var/www/gschoo...', Array, true)
#15 /var/www/gschool/framework/web/CController.php(869): CBaseController->renderFile('/var/www/gschoo...', Array, true)
#16 /var/www/gschool/framework/web/CController.php(782): CController->renderPartial('create', Array, true)
#17 /var/www/gschool/protected/controllers/BatchController.php(78): CController->render('create', Array)
#18 /var/www/gschool/framework/web/actions/CInlineAction.php(49): BatchController->actionCreate()
#19 /var/www/gschool/framework/web/CController.php(308): CInlineAction->runWithParams(Array)
#20 /var/www/gschool/framework/web/filters/CFilterChain.php(133): CController->runAction(Object(CInlineAction))
#21 /var/www/gschool/framework/web/filters/CFilter.php(40): CFilterChain->run()
#22 /var/www/gschool/framework/web/CController.php(1145): CFilter->filter(Object(CFilterChain))
#23 /var/www/gschool/framework/web/filters/CInlineFilter.php(58): CController->filterAccessControl(Object(CFilterChain))
#24 /var/www/gschool/framework/web/filters/CFilterChain.php(130): CInlineFilter->filter(Object(CFilterChain))
#25 /var/www/gschool/framework/web/CController.php(291): CFilterChain->run()
#26 /var/www/gschool/framework/web/CController.php(265): CController->runActionWithFilters(Object(CInlineAction), Array)
#27 /var/www/gschool/framework/web/CWebApplication.php(282): CController->run('create')
#28 /var/www/gschool/framework/web/CWebApplication.php(141): CWebApplication->runController('batch/create')
#29 /var/www/gschool/framework/base/CApplication.php(180): CWebApplication->processRequest()
#30 /var/www/gschool/index.php(13): CApplication->run()
#31 {main}
REQUEST_URI=/gschool/index.php/batch/create
HTTP_REFERER=http://localhost/gschool/index.php/batch/index
---
2014/04/03 23:45:41 [error] [exception.CException] exception 'CException' with message 'Property "TbDatePicker.prepend" is not defined.' in /var/www/gschool/framework/base/CComponent.php:173
Stack trace:
#0 /var/www/gschool/framework/web/CWidgetFactory.php(161): CComponent->__set('prepend', '<i class="icon-...')
#1 /var/www/gschool/framework/web/CBaseController.php(146): CWidgetFactory->createWidget(Object(BatchController), 'bootstrap.widge...', Array)
#2 /var/www/gschool/framework/web/CBaseController.php(166): CBaseController->createWidget('bootstrap.widge...', Array)
#3 [internal function]: CBaseController->widget('bootstrap.widge...', Array, true)
#4 /var/www/gschool/protected/extensions/bootstrap/widgets/TbActiveForm.php(1191): call_user_func_array(Array, Array)
#5 /var/www/gschool/protected/extensions/bootstrap/widgets/TbActiveForm.php(1100): TbActiveForm->verticalFieldRow(Array, Object(Batch), 'yearstart', Array)
#6 /var/www/gschool/protected/extensions/bootstrap/widgets/TbActiveForm.php(1076): TbActiveForm->customFieldRowInternal(Array, Object(Batch), 'yearstart', Array)
#7 /var/www/gschool/protected/extensions/bootstrap/widgets/TbActiveForm.php(733): TbActiveForm->widgetRowInternal('bootstrap.widge...', Object(Batch), 'yearstart', Array, Array)
#8 /var/www/gschool/protected/views/batch/_form.php(31): TbActiveForm->datePickerRow(Object(Batch), 'yearstart', Array)
#9 /var/www/gschool/framework/web/CBaseController.php(126): require('/var/www/gschoo...')
#10 /var/www/gschool/framework/web/CBaseController.php(95): CBaseController->renderInternal('/var/www/gschoo...', Array, true)
#11 /var/www/gschool/framework/web/CController.php(869): CBaseController->renderFile('/var/www/gschoo...', Array, true)
#12 /var/www/gschool/protected/views/batch/create.php(15): CController->renderPartial('_form', Array)
#13 /var/www/gschool/framework/web/CBaseController.php(126): require('/var/www/gschoo...')
#14 /var/www/gschool/framework/web/CBaseController.php(95): CBaseController->renderInternal('/var/www/gschoo...', Array, true)
#15 /var/www/gschool/framework/web/CController.php(869): CBaseController->renderFile('/var/www/gschoo...', Array, true)
#16 /var/www/gschool/framework/web/CController.php(782): CController->renderPartial('create', Array, true)
#17 /var/www/gschool/protected/controllers/BatchController.php(78): CController->render('create', Array)
#18 /var/www/gschool/framework/web/actions/CInlineAction.php(49): BatchController->actionCreate()
#19 /var/www/gschool/framework/web/CController.php(308): CInlineAction->runWithParams(Array)
#20 /var/www/gschool/framework/web/filters/CFilterChain.php(133): CController->runAction(Object(CInlineAction))
#21 /var/www/gschool/framework/web/filters/CFilter.php(40): CFilterChain->run()
#22 /var/www/gschool/framework/web/CController.php(1145): CFilter->filter(Object(CFilterChain))
#23 /var/www/gschool/framework/web/filters/CInlineFilter.php(58): CController->filterAccessControl(Object(CFilterChain))
#24 /var/www/gschool/framework/web/filters/CFilterChain.php(130): CInlineFilter->filter(Object(CFilterChain))
#25 /var/www/gschool/framework/web/CController.php(291): CFilterChain->run()
#26 /var/www/gschool/framework/web/CController.php(265): CController->runActionWithFilters(Object(CInlineAction), Array)
#27 /var/www/gschool/framework/web/CWebApplication.php(282): CController->run('create')
#28 /var/www/gschool/framework/web/CWebApplication.php(141): CWebApplication->runController('batch/create')
#29 /var/www/gschool/framework/base/CApplication.php(180): CWebApplication->processRequest()
#30 /var/www/gschool/index.php(13): CApplication->run()
#31 {main}
REQUEST_URI=/gschool/index.php/batch/create
HTTP_REFERER=http://localhost/gschool/index.php/batch/index
---
2014/04/03 23:45:43 [error] [exception.CException] exception 'CException' with message 'Property "TbDatePicker.prepend" is not defined.' in /var/www/gschool/framework/base/CComponent.php:173
Stack trace:
#0 /var/www/gschool/framework/web/CWidgetFactory.php(161): CComponent->__set('prepend', '<i class="icon-...')
#1 /var/www/gschool/framework/web/CBaseController.php(146): CWidgetFactory->createWidget(Object(BatchController), 'bootstrap.widge...', Array)
#2 /var/www/gschool/framework/web/CBaseController.php(166): CBaseController->createWidget('bootstrap.widge...', Array)
#3 [internal function]: CBaseController->widget('bootstrap.widge...', Array, true)
#4 /var/www/gschool/protected/extensions/bootstrap/widgets/TbActiveForm.php(1191): call_user_func_array(Array, Array)
#5 /var/www/gschool/protected/extensions/bootstrap/widgets/TbActiveForm.php(1100): TbActiveForm->verticalFieldRow(Array, Object(Batch), 'yearstart', Array)
#6 /var/www/gschool/protected/extensions/bootstrap/widgets/TbActiveForm.php(1076): TbActiveForm->customFieldRowInternal(Array, Object(Batch), 'yearstart', Array)
#7 /var/www/gschool/protected/extensions/bootstrap/widgets/TbActiveForm.php(733): TbActiveForm->widgetRowInternal('bootstrap.widge...', Object(Batch), 'yearstart', Array, Array)
#8 /var/www/gschool/protected/views/batch/_form.php(31): TbActiveForm->datePickerRow(Object(Batch), 'yearstart', Array)
#9 /var/www/gschool/framework/web/CBaseController.php(126): require('/var/www/gschoo...')
#10 /var/www/gschool/framework/web/CBaseController.php(95): CBaseController->renderInternal('/var/www/gschoo...', Array, true)
#11 /var/www/gschool/framework/web/CController.php(869): CBaseController->renderFile('/var/www/gschoo...', Array, true)
#12 /var/www/gschool/protected/views/batch/create.php(15): CController->renderPartial('_form', Array)
#13 /var/www/gschool/framework/web/CBaseController.php(126): require('/var/www/gschoo...')
#14 /var/www/gschool/framework/web/CBaseController.php(95): CBaseController->renderInternal('/var/www/gschoo...', Array, true)
#15 /var/www/gschool/framework/web/CController.php(869): CBaseController->renderFile('/var/www/gschoo...', Array, true)
#16 /var/www/gschool/framework/web/CController.php(782): CController->renderPartial('create', Array, true)
#17 /var/www/gschool/protected/controllers/BatchController.php(78): CController->render('create', Array)
#18 /var/www/gschool/framework/web/actions/CInlineAction.php(49): BatchController->actionCreate()
#19 /var/www/gschool/framework/web/CController.php(308): CInlineAction->runWithParams(Array)
#20 /var/www/gschool/framework/web/filters/CFilterChain.php(133): CController->runAction(Object(CInlineAction))
#21 /var/www/gschool/framework/web/filters/CFilter.php(40): CFilterChain->run()
#22 /var/www/gschool/framework/web/CController.php(1145): CFilter->filter(Object(CFilterChain))
#23 /var/www/gschool/framework/web/filters/CInlineFilter.php(58): CController->filterAccessControl(Object(CFilterChain))
#24 /var/www/gschool/framework/web/filters/CFilterChain.php(130): CInlineFilter->filter(Object(CFilterChain))
#25 /var/www/gschool/framework/web/CController.php(291): CFilterChain->run()
#26 /var/www/gschool/framework/web/CController.php(265): CController->runActionWithFilters(Object(CInlineAction), Array)
#27 /var/www/gschool/framework/web/CWebApplication.php(282): CController->run('create')
#28 /var/www/gschool/framework/web/CWebApplication.php(141): CWebApplication->runController('batch/create')
#29 /var/www/gschool/framework/base/CApplication.php(180): CWebApplication->processRequest()
#30 /var/www/gschool/index.php(13): CApplication->run()
#31 {main}
REQUEST_URI=/gschool/index.php/batch/create
HTTP_REFERER=http://localhost/gschool/index.php/batch/index
---
2014/04/03 23:49:19 [error] [exception.CException] exception 'CException' with message 'Property "TbDatePicker.hint" is not defined.' in /var/www/gschool/framework/base/CComponent.php:173
Stack trace:
#0 /var/www/gschool/framework/web/CWidgetFactory.php(161): CComponent->__set('hint', 'Select the star...')
#1 /var/www/gschool/framework/web/CBaseController.php(146): CWidgetFactory->createWidget(Object(BatchController), 'bootstrap.widge...', Array)
#2 /var/www/gschool/framework/web/CBaseController.php(166): CBaseController->createWidget('bootstrap.widge...', Array)
#3 [internal function]: CBaseController->widget('bootstrap.widge...', Array, true)
#4 /var/www/gschool/protected/extensions/bootstrap/widgets/TbActiveForm.php(1191): call_user_func_array(Array, Array)
#5 /var/www/gschool/protected/extensions/bootstrap/widgets/TbActiveForm.php(1100): TbActiveForm->verticalFieldRow(Array, Object(Batch), 'yearstart', Array)
#6 /var/www/gschool/protected/extensions/bootstrap/widgets/TbActiveForm.php(1076): TbActiveForm->customFieldRowInternal(Array, Object(Batch), 'yearstart', Array)
#7 /var/www/gschool/protected/extensions/bootstrap/widgets/TbActiveForm.php(733): TbActiveForm->widgetRowInternal('bootstrap.widge...', Object(Batch), 'yearstart', Array, Array)
#8 /var/www/gschool/protected/views/batch/_form.php(31): TbActiveForm->datePickerRow(Object(Batch), 'yearstart', Array)
#9 /var/www/gschool/framework/web/CBaseController.php(126): require('/var/www/gschoo...')
#10 /var/www/gschool/framework/web/CBaseController.php(95): CBaseController->renderInternal('/var/www/gschoo...', Array, true)
#11 /var/www/gschool/framework/web/CController.php(869): CBaseController->renderFile('/var/www/gschoo...', Array, true)
#12 /var/www/gschool/protected/views/batch/create.php(15): CController->renderPartial('_form', Array)
#13 /var/www/gschool/framework/web/CBaseController.php(126): require('/var/www/gschoo...')
#14 /var/www/gschool/framework/web/CBaseController.php(95): CBaseController->renderInternal('/var/www/gschoo...', Array, true)
#15 /var/www/gschool/framework/web/CController.php(869): CBaseController->renderFile('/var/www/gschoo...', Array, true)
#16 /var/www/gschool/framework/web/CController.php(782): CController->renderPartial('create', Array, true)
#17 /var/www/gschool/protected/controllers/BatchController.php(78): CController->render('create', Array)
#18 /var/www/gschool/framework/web/actions/CInlineAction.php(49): BatchController->actionCreate()
#19 /var/www/gschool/framework/web/CController.php(308): CInlineAction->runWithParams(Array)
#20 /var/www/gschool/framework/web/filters/CFilterChain.php(133): CController->runAction(Object(CInlineAction))
#21 /var/www/gschool/framework/web/filters/CFilter.php(40): CFilterChain->run()
#22 /var/www/gschool/framework/web/CController.php(1145): CFilter->filter(Object(CFilterChain))
#23 /var/www/gschool/framework/web/filters/CInlineFilter.php(58): CController->filterAccessControl(Object(CFilterChain))
#24 /var/www/gschool/framework/web/filters/CFilterChain.php(130): CInlineFilter->filter(Object(CFilterChain))
#25 /var/www/gschool/framework/web/CController.php(291): CFilterChain->run()
#26 /var/www/gschool/framework/web/CController.php(265): CController->runActionWithFilters(Object(CInlineAction), Array)
#27 /var/www/gschool/framework/web/CWebApplication.php(282): CController->run('create')
#28 /var/www/gschool/framework/web/CWebApplication.php(141): CWebApplication->runController('batch/create')
#29 /var/www/gschool/framework/base/CApplication.php(180): CWebApplication->processRequest()
#30 /var/www/gschool/index.php(13): CApplication->run()
#31 {main}
REQUEST_URI=/gschool/index.php/batch/create
HTTP_REFERER=http://localhost/gschool/index.php/batch/index
---
2014/04/03 23:52:05 [error] [exception.CException] exception 'CException' with message 'Property "TbDatePicker.hint" is not defined.' in /var/www/gschool/framework/base/CComponent.php:173
Stack trace:
#0 /var/www/gschool/framework/web/CWidgetFactory.php(161): CComponent->__set('hint', 'Select the star...')
#1 /var/www/gschool/framework/web/CBaseController.php(146): CWidgetFactory->createWidget(Object(BatchController), 'bootstrap.widge...', Array)
#2 /var/www/gschool/framework/web/CBaseController.php(166): CBaseController->createWidget('bootstrap.widge...', Array)
#3 [internal function]: CBaseController->widget('bootstrap.widge...', Array, true)
#4 /var/www/gschool/protected/extensions/bootstrap/widgets/TbActiveForm.php(1191): call_user_func_array(Array, Array)
#5 /var/www/gschool/protected/extensions/bootstrap/widgets/TbActiveForm.php(1100): TbActiveForm->verticalFieldRow(Array, Object(Batch), 'yearstart', Array)
#6 /var/www/gschool/protected/extensions/bootstrap/widgets/TbActiveForm.php(1076): TbActiveForm->customFieldRowInternal(Array, Object(Batch), 'yearstart', Array)
#7 /var/www/gschool/protected/extensions/bootstrap/widgets/TbActiveForm.php(733): TbActiveForm->widgetRowInternal('bootstrap.widge...', Object(Batch), 'yearstart', Array, Array)
#8 /var/www/gschool/protected/views/batch/_form.php(31): TbActiveForm->datePickerRow(Object(Batch), 'yearstart', Array)
#9 /var/www/gschool/framework/web/CBaseController.php(126): require('/var/www/gschoo...')
#10 /var/www/gschool/framework/web/CBaseController.php(95): CBaseController->renderInternal('/var/www/gschoo...', Array, true)
#11 /var/www/gschool/framework/web/CController.php(869): CBaseController->renderFile('/var/www/gschoo...', Array, true)
#12 /var/www/gschool/protected/views/batch/create.php(15): CController->renderPartial('_form', Array)
#13 /var/www/gschool/framework/web/CBaseController.php(126): require('/var/www/gschoo...')
#14 /var/www/gschool/framework/web/CBaseController.php(95): CBaseController->renderInternal('/var/www/gschoo...', Array, true)
#15 /var/www/gschool/framework/web/CController.php(869): CBaseController->renderFile('/var/www/gschoo...', Array, true)
#16 /var/www/gschool/framework/web/CController.php(782): CController->renderPartial('create', Array, true)
#17 /var/www/gschool/protected/controllers/BatchController.php(78): CController->render('create', Array)
#18 /var/www/gschool/framework/web/actions/CInlineAction.php(49): BatchController->actionCreate()
#19 /var/www/gschool/framework/web/CController.php(308): CInlineAction->runWithParams(Array)
#20 /var/www/gschool/framework/web/filters/CFilterChain.php(133): CController->runAction(Object(CInlineAction))
#21 /var/www/gschool/framework/web/filters/CFilter.php(40): CFilterChain->run()
#22 /var/www/gschool/framework/web/CController.php(1145): CFilter->filter(Object(CFilterChain))
#23 /var/www/gschool/framework/web/filters/CInlineFilter.php(58): CController->filterAccessControl(Object(CFilterChain))
#24 /var/www/gschool/framework/web/filters/CFilterChain.php(130): CInlineFilter->filter(Object(CFilterChain))
#25 /var/www/gschool/framework/web/CController.php(291): CFilterChain->run()
#26 /var/www/gschool/framework/web/CController.php(265): CController->runActionWithFilters(Object(CInlineAction), Array)
#27 /var/www/gschool/framework/web/CWebApplication.php(282): CController->run('create')
#28 /var/www/gschool/framework/web/CWebApplication.php(141): CWebApplication->runController('batch/create')
#29 /var/www/gschool/framework/base/CApplication.php(180): CWebApplication->processRequest()
#30 /var/www/gschool/index.php(13): CApplication->run()
#31 {main}
REQUEST_URI=/gschool/index.php/batch/create
HTTP_REFERER=http://localhost/gschool/index.php/batch/index
---
2014/04/03 23:53:37 [error] [exception.CException] exception 'CException' with message 'Property "TbDatePicker.hint" is not defined.' in /var/www/gschool/framework/base/CComponent.php:173
Stack trace:
#0 /var/www/gschool/framework/web/CWidgetFactory.php(161): CComponent->__set('hint', 'Select the star...')
#1 /var/www/gschool/framework/web/CBaseController.php(146): CWidgetFactory->createWidget(Object(BatchController), 'bootstrap.widge...', Array)
#2 /var/www/gschool/framework/web/CBaseController.php(166): CBaseController->createWidget('bootstrap.widge...', Array)
#3 [internal function]: CBaseController->widget('bootstrap.widge...', Array, true)
#4 /var/www/gschool/protected/extensions/bootstrap/widgets/TbActiveForm.php(1191): call_user_func_array(Array, Array)
#5 /var/www/gschool/protected/extensions/bootstrap/widgets/TbActiveForm.php(1100): TbActiveForm->verticalFieldRow(Array, Object(Batch), 'yearstart', Array)
#6 /var/www/gschool/protected/extensions/bootstrap/widgets/TbActiveForm.php(1076): TbActiveForm->customFieldRowInternal(Array, Object(Batch), 'yearstart', Array)
#7 /var/www/gschool/protected/extensions/bootstrap/widgets/TbActiveForm.php(733): TbActiveForm->widgetRowInternal('bootstrap.widge...', Object(Batch), 'yearstart', Array, Array)
#8 /var/www/gschool/protected/views/batch/_form.php(31): TbActiveForm->datePickerRow(Object(Batch), 'yearstart', Array)
#9 /var/www/gschool/framework/web/CBaseController.php(126): require('/var/www/gschoo...')
#10 /var/www/gschool/framework/web/CBaseController.php(95): CBaseController->renderInternal('/var/www/gschoo...', Array, true)
#11 /var/www/gschool/framework/web/CController.php(869): CBaseController->renderFile('/var/www/gschoo...', Array, true)
#12 /var/www/gschool/protected/views/batch/create.php(15): CController->renderPartial('_form', Array)
#13 /var/www/gschool/framework/web/CBaseController.php(126): require('/var/www/gschoo...')
#14 /var/www/gschool/framework/web/CBaseController.php(95): CBaseController->renderInternal('/var/www/gschoo...', Array, true)
#15 /var/www/gschool/framework/web/CController.php(869): CBaseController->renderFile('/var/www/gschoo...', Array, true)
#16 /var/www/gschool/framework/web/CController.php(782): CController->renderPartial('create', Array, true)
#17 /var/www/gschool/protected/controllers/BatchController.php(78): CController->render('create', Array)
#18 /var/www/gschool/framework/web/actions/CInlineAction.php(49): BatchController->actionCreate()
#19 /var/www/gschool/framework/web/CController.php(308): CInlineAction->runWithParams(Array)
#20 /var/www/gschool/framework/web/filters/CFilterChain.php(133): CController->runAction(Object(CInlineAction))
#21 /var/www/gschool/framework/web/filters/CFilter.php(40): CFilterChain->run()
#22 /var/www/gschool/framework/web/CController.php(1145): CFilter->filter(Object(CFilterChain))
#23 /var/www/gschool/framework/web/filters/CInlineFilter.php(58): CController->filterAccessControl(Object(CFilterChain))
#24 /var/www/gschool/framework/web/filters/CFilterChain.php(130): CInlineFilter->filter(Object(CFilterChain))
#25 /var/www/gschool/framework/web/CController.php(291): CFilterChain->run()
#26 /var/www/gschool/framework/web/CController.php(265): CController->runActionWithFilters(Object(CInlineAction), Array)
#27 /var/www/gschool/framework/web/CWebApplication.php(282): CController->run('create')
#28 /var/www/gschool/framework/web/CWebApplication.php(141): CWebApplication->runController('batch/create')
#29 /var/www/gschool/framework/base/CApplication.php(180): CWebApplication->processRequest()
#30 /var/www/gschool/index.php(13): CApplication->run()
#31 {main}
REQUEST_URI=/gschool/index.php/batch/create
HTTP_REFERER=http://localhost/gschool/index.php/batch/index
---
2014/04/03 23:57:14 [error] [exception.CException] exception 'CException' with message 'Property "TbDatePicker.hint" is not defined.' in /var/www/gschool/framework/base/CComponent.php:173
Stack trace:
#0 /var/www/gschool/framework/web/CWidgetFactory.php(161): CComponent->__set('hint', 'Select the star...')
#1 /var/www/gschool/framework/web/CBaseController.php(146): CWidgetFactory->createWidget(Object(BatchController), 'bootstrap.widge...', Array)
#2 /var/www/gschool/framework/web/CBaseController.php(166): CBaseController->createWidget('bootstrap.widge...', Array)
#3 [internal function]: CBaseController->widget('bootstrap.widge...', Array, true)
#4 /var/www/gschool/protected/extensions/bootstrap/widgets/TbActiveForm.php(1191): call_user_func_array(Array, Array)
#5 /var/www/gschool/protected/extensions/bootstrap/widgets/TbActiveForm.php(1100): TbActiveForm->verticalFieldRow(Array, Object(Batch), 'yearstart', Array)
#6 /var/www/gschool/protected/extensions/bootstrap/widgets/TbActiveForm.php(1076): TbActiveForm->customFieldRowInternal(Array, Object(Batch), 'yearstart', Array)
#7 /var/www/gschool/protected/extensions/bootstrap/widgets/TbActiveForm.php(733): TbActiveForm->widgetRowInternal('bootstrap.widge...', Object(Batch), 'yearstart', Array, Array)
#8 /var/www/gschool/protected/views/batch/_form.php(31): TbActiveForm->datePickerRow(Object(Batch), 'yearstart', Array)
#9 /var/www/gschool/framework/web/CBaseController.php(126): require('/var/www/gschoo...')
#10 /var/www/gschool/framework/web/CBaseController.php(95): CBaseController->renderInternal('/var/www/gschoo...', Array, true)
#11 /var/www/gschool/framework/web/CController.php(869): CBaseController->renderFile('/var/www/gschoo...', Array, true)
#12 /var/www/gschool/protected/views/batch/create.php(15): CController->renderPartial('_form', Array)
#13 /var/www/gschool/framework/web/CBaseController.php(126): require('/var/www/gschoo...')
#14 /var/www/gschool/framework/web/CBaseController.php(95): CBaseController->renderInternal('/var/www/gschoo...', Array, true)
#15 /var/www/gschool/framework/web/CController.php(869): CBaseController->renderFile('/var/www/gschoo...', Array, true)
#16 /var/www/gschool/framework/web/CController.php(782): CController->renderPartial('create', Array, true)
#17 /var/www/gschool/protected/controllers/BatchController.php(78): CController->render('create', Array)
#18 /var/www/gschool/framework/web/actions/CInlineAction.php(49): BatchController->actionCreate()
#19 /var/www/gschool/framework/web/CController.php(308): CInlineAction->runWithParams(Array)
#20 /var/www/gschool/framework/web/filters/CFilterChain.php(133): CController->runAction(Object(CInlineAction))
#21 /var/www/gschool/framework/web/filters/CFilter.php(40): CFilterChain->run()
#22 /var/www/gschool/framework/web/CController.php(1145): CFilter->filter(Object(CFilterChain))
#23 /var/www/gschool/framework/web/filters/CInlineFilter.php(58): CController->filterAccessControl(Object(CFilterChain))
#24 /var/www/gschool/framework/web/filters/CFilterChain.php(130): CInlineFilter->filter(Object(CFilterChain))
#25 /var/www/gschool/framework/web/CController.php(291): CFilterChain->run()
#26 /var/www/gschool/framework/web/CController.php(265): CController->runActionWithFilters(Object(CInlineAction), Array)
#27 /var/www/gschool/framework/web/CWebApplication.php(282): CController->run('create')
#28 /var/www/gschool/framework/web/CWebApplication.php(141): CWebApplication->runController('batch/create')
#29 /var/www/gschool/framework/base/CApplication.php(180): CWebApplication->processRequest()
#30 /var/www/gschool/index.php(13): CApplication->run()
#31 {main}
REQUEST_URI=/gschool/index.php/batch/create
HTTP_REFERER=http://localhost/gschool/index.php/batch/index
---
2014/04/03 23:57:17 [error] [exception.CException] exception 'CException' with message 'Property "TbDatePicker.hint" is not defined.' in /var/www/gschool/framework/base/CComponent.php:173
Stack trace:
#0 /var/www/gschool/framework/web/CWidgetFactory.php(161): CComponent->__set('hint', 'Select the star...')
#1 /var/www/gschool/framework/web/CBaseController.php(146): CWidgetFactory->createWidget(Object(BatchController), 'bootstrap.widge...', Array)
#2 /var/www/gschool/framework/web/CBaseController.php(166): CBaseController->createWidget('bootstrap.widge...', Array)
#3 [internal function]: CBaseController->widget('bootstrap.widge...', Array, true)
#4 /var/www/gschool/protected/extensions/bootstrap/widgets/TbActiveForm.php(1191): call_user_func_array(Array, Array)
#5 /var/www/gschool/protected/extensions/bootstrap/widgets/TbActiveForm.php(1100): TbActiveForm->verticalFieldRow(Array, Object(Batch), 'yearstart', Array)
#6 /var/www/gschool/protected/extensions/bootstrap/widgets/TbActiveForm.php(1076): TbActiveForm->customFieldRowInternal(Array, Object(Batch), 'yearstart', Array)
#7 /var/www/gschool/protected/extensions/bootstrap/widgets/TbActiveForm.php(733): TbActiveForm->widgetRowInternal('bootstrap.widge...', Object(Batch), 'yearstart', Array, Array)
#8 /var/www/gschool/protected/views/batch/_form.php(31): TbActiveForm->datePickerRow(Object(Batch), 'yearstart', Array)
#9 /var/www/gschool/framework/web/CBaseController.php(126): require('/var/www/gschoo...')
#10 /var/www/gschool/framework/web/CBaseController.php(95): CBaseController->renderInternal('/var/www/gschoo...', Array, true)
#11 /var/www/gschool/framework/web/CController.php(869): CBaseController->renderFile('/var/www/gschoo...', Array, true)
#12 /var/www/gschool/protected/views/batch/create.php(15): CController->renderPartial('_form', Array)
#13 /var/www/gschool/framework/web/CBaseController.php(126): require('/var/www/gschoo...')
#14 /var/www/gschool/framework/web/CBaseController.php(95): CBaseController->renderInternal('/var/www/gschoo...', Array, true)
#15 /var/www/gschool/framework/web/CController.php(869): CBaseController->renderFile('/var/www/gschoo...', Array, true)
#16 /var/www/gschool/framework/web/CController.php(782): CController->renderPartial('create', Array, true)
#17 /var/www/gschool/protected/controllers/BatchController.php(78): CController->render('create', Array)
#18 /var/www/gschool/framework/web/actions/CInlineAction.php(49): BatchController->actionCreate()
#19 /var/www/gschool/framework/web/CController.php(308): CInlineAction->runWithParams(Array)
#20 /var/www/gschool/framework/web/filters/CFilterChain.php(133): CController->runAction(Object(CInlineAction))
#21 /var/www/gschool/framework/web/filters/CFilter.php(40): CFilterChain->run()
#22 /var/www/gschool/framework/web/CController.php(1145): CFilter->filter(Object(CFilterChain))
#23 /var/www/gschool/framework/web/filters/CInlineFilter.php(58): CController->filterAccessControl(Object(CFilterChain))
#24 /var/www/gschool/framework/web/filters/CFilterChain.php(130): CInlineFilter->filter(Object(CFilterChain))
#25 /var/www/gschool/framework/web/CController.php(291): CFilterChain->run()
#26 /var/www/gschool/framework/web/CController.php(265): CController->runActionWithFilters(Object(CInlineAction), Array)
#27 /var/www/gschool/framework/web/CWebApplication.php(282): CController->run('create')
#28 /var/www/gschool/framework/web/CWebApplication.php(141): CWebApplication->runController('batch/create')
#29 /var/www/gschool/framework/base/CApplication.php(180): CWebApplication->processRequest()
#30 /var/www/gschool/index.php(13): CApplication->run()
#31 {main}
REQUEST_URI=/gschool/index.php/batch/create
HTTP_REFERER=http://localhost/gschool/index.php/batch/index
---
2014/04/03 23:57:26 [error] [exception.CException] exception 'CException' with message 'Property "TbDatePicker.hint" is not defined.' in /var/www/gschool/framework/base/CComponent.php:173
Stack trace:
#0 /var/www/gschool/framework/web/CWidgetFactory.php(161): CComponent->__set('hint', 'Select the star...')
#1 /var/www/gschool/framework/web/CBaseController.php(146): CWidgetFactory->createWidget(Object(BatchController), 'bootstrap.widge...', Array)
#2 /var/www/gschool/framework/web/CBaseController.php(166): CBaseController->createWidget('bootstrap.widge...', Array)
#3 [internal function]: CBaseController->widget('bootstrap.widge...', Array, true)
#4 /var/www/gschool/protected/extensions/bootstrap/widgets/TbActiveForm.php(1191): call_user_func_array(Array, Array)
#5 /var/www/gschool/protected/extensions/bootstrap/widgets/TbActiveForm.php(1100): TbActiveForm->verticalFieldRow(Array, Object(Batch), 'yearstart', Array)
#6 /var/www/gschool/protected/extensions/bootstrap/widgets/TbActiveForm.php(1076): TbActiveForm->customFieldRowInternal(Array, Object(Batch), 'yearstart', Array)
#7 /var/www/gschool/protected/extensions/bootstrap/widgets/TbActiveForm.php(733): TbActiveForm->widgetRowInternal('bootstrap.widge...', Object(Batch), 'yearstart', Array, Array)
#8 /var/www/gschool/protected/views/batch/_form.php(31): TbActiveForm->datePickerRow(Object(Batch), 'yearstart', Array)
#9 /var/www/gschool/framework/web/CBaseController.php(126): require('/var/www/gschoo...')
#10 /var/www/gschool/framework/web/CBaseController.php(95): CBaseController->renderInternal('/var/www/gschoo...', Array, true)
#11 /var/www/gschool/framework/web/CController.php(869): CBaseController->renderFile('/var/www/gschoo...', Array, true)
#12 /var/www/gschool/protected/views/batch/create.php(15): CController->renderPartial('_form', Array)
#13 /var/www/gschool/framework/web/CBaseController.php(126): require('/var/www/gschoo...')
#14 /var/www/gschool/framework/web/CBaseController.php(95): CBaseController->renderInternal('/var/www/gschoo...', Array, true)
#15 /var/www/gschool/framework/web/CController.php(869): CBaseController->renderFile('/var/www/gschoo...', Array, true)
#16 /var/www/gschool/framework/web/CController.php(782): CController->renderPartial('create', Array, true)
#17 /var/www/gschool/protected/controllers/BatchController.php(78): CController->render('create', Array)
#18 /var/www/gschool/framework/web/actions/CInlineAction.php(49): BatchController->actionCreate()
#19 /var/www/gschool/framework/web/CController.php(308): CInlineAction->runWithParams(Array)
#20 /var/www/gschool/framework/web/filters/CFilterChain.php(133): CController->runAction(Object(CInlineAction))
#21 /var/www/gschool/framework/web/filters/CFilter.php(40): CFilterChain->run()
#22 /var/www/gschool/framework/web/CController.php(1145): CFilter->filter(Object(CFilterChain))
#23 /var/www/gschool/framework/web/filters/CInlineFilter.php(58): CController->filterAccessControl(Object(CFilterChain))
#24 /var/www/gschool/framework/web/filters/CFilterChain.php(130): CInlineFilter->filter(Object(CFilterChain))
#25 /var/www/gschool/framework/web/CController.php(291): CFilterChain->run()
#26 /var/www/gschool/framework/web/CController.php(265): CController->runActionWithFilters(Object(CInlineAction), Array)
#27 /var/www/gschool/framework/web/CWebApplication.php(282): CController->run('create')
#28 /var/www/gschool/framework/web/CWebApplication.php(141): CWebApplication->runController('batch/create')
#29 /var/www/gschool/framework/base/CApplication.php(180): CWebApplication->processRequest()
#30 /var/www/gschool/index.php(13): CApplication->run()
#31 {main}
REQUEST_URI=/gschool/index.php/batch/create
HTTP_REFERER=http://localhost/gschool/index.php/batch/index
---
2014/04/03 23:59:04 [error] [exception.CException] exception 'CException' with message 'Property "TbDatePicker.0" is not defined.' in /var/www/gschool/framework/base/CComponent.php:173
Stack trace:
#0 /var/www/gschool/framework/web/CWidgetFactory.php(161): CComponent->__set('0', Array)
#1 /var/www/gschool/framework/web/CBaseController.php(146): CWidgetFactory->createWidget(Object(BatchController), 'bootstrap.widge...', Array)
#2 /var/www/gschool/framework/web/CBaseController.php(166): CBaseController->createWidget('bootstrap.widge...', Array)
#3 [internal function]: CBaseController->widget('bootstrap.widge...', Array, true)
#4 /var/www/gschool/protected/extensions/bootstrap/widgets/TbActiveForm.php(1191): call_user_func_array(Array, Array)
#5 /var/www/gschool/protected/extensions/bootstrap/widgets/TbActiveForm.php(1100): TbActiveForm->verticalFieldRow(Array, Object(Batch), 'yearstart', Array)
#6 /var/www/gschool/protected/extensions/bootstrap/widgets/TbActiveForm.php(1076): TbActiveForm->customFieldRowInternal(Array, Object(Batch), 'yearstart', Array)
#7 /var/www/gschool/protected/extensions/bootstrap/widgets/TbActiveForm.php(733): TbActiveForm->widgetRowInternal('bootstrap.widge...', Object(Batch), 'yearstart', Array, Array)
#8 /var/www/gschool/protected/views/batch/_form.php(33): TbActiveForm->datePickerRow(Object(Batch), 'yearstart', Array)
#9 /var/www/gschool/framework/web/CBaseController.php(126): require('/var/www/gschoo...')
#10 /var/www/gschool/framework/web/CBaseController.php(95): CBaseController->renderInternal('/var/www/gschoo...', Array, true)
#11 /var/www/gschool/framework/web/CController.php(869): CBaseController->renderFile('/var/www/gschoo...', Array, true)
#12 /var/www/gschool/protected/views/batch/create.php(15): CController->renderPartial('_form', Array)
#13 /var/www/gschool/framework/web/CBaseController.php(126): require('/var/www/gschoo...')
#14 /var/www/gschool/framework/web/CBaseController.php(95): CBaseController->renderInternal('/var/www/gschoo...', Array, true)
#15 /var/www/gschool/framework/web/CController.php(869): CBaseController->renderFile('/var/www/gschoo...', Array, true)
#16 /var/www/gschool/framework/web/CController.php(782): CController->renderPartial('create', Array, true)
#17 /var/www/gschool/protected/controllers/BatchController.php(78): CController->render('create', Array)
#18 /var/www/gschool/framework/web/actions/CInlineAction.php(49): BatchController->actionCreate()
#19 /var/www/gschool/framework/web/CController.php(308): CInlineAction->runWithParams(Array)
#20 /var/www/gschool/framework/web/filters/CFilterChain.php(133): CController->runAction(Object(CInlineAction))
#21 /var/www/gschool/framework/web/filters/CFilter.php(40): CFilterChain->run()
#22 /var/www/gschool/framework/web/CController.php(1145): CFilter->filter(Object(CFilterChain))
#23 /var/www/gschool/framework/web/filters/CInlineFilter.php(58): CController->filterAccessControl(Object(CFilterChain))
#24 /var/www/gschool/framework/web/filters/CFilterChain.php(130): CInlineFilter->filter(Object(CFilterChain))
#25 /var/www/gschool/framework/web/CController.php(291): CFilterChain->run()
#26 /var/www/gschool/framework/web/CController.php(265): CController->runActionWithFilters(Object(CInlineAction), Array)
#27 /var/www/gschool/framework/web/CWebApplication.php(282): CController->run('create')
#28 /var/www/gschool/framework/web/CWebApplication.php(141): CWebApplication->runController('batch/create')
#29 /var/www/gschool/framework/base/CApplication.php(180): CWebApplication->processRequest()
#30 /var/www/gschool/index.php(13): CApplication->run()
#31 {main}
REQUEST_URI=/gschool/index.php/batch/create
HTTP_REFERER=http://localhost/gschool/index.php/batch/index
---
2014/04/03 23:59:07 [error] [exception.CException] exception 'CException' with message 'Property "TbDatePicker.0" is not defined.' in /var/www/gschool/framework/base/CComponent.php:173
Stack trace:
#0 /var/www/gschool/framework/web/CWidgetFactory.php(161): CComponent->__set('0', Array)
#1 /var/www/gschool/framework/web/CBaseController.php(146): CWidgetFactory->createWidget(Object(BatchController), 'bootstrap.widge...', Array)
#2 /var/www/gschool/framework/web/CBaseController.php(166): CBaseController->createWidget('bootstrap.widge...', Array)
#3 [internal function]: CBaseController->widget('bootstrap.widge...', Array, true)
#4 /var/www/gschool/protected/extensions/bootstrap/widgets/TbActiveForm.php(1191): call_user_func_array(Array, Array)
#5 /var/www/gschool/protected/extensions/bootstrap/widgets/TbActiveForm.php(1100): TbActiveForm->verticalFieldRow(Array, Object(Batch), 'yearstart', Array)
#6 /var/www/gschool/protected/extensions/bootstrap/widgets/TbActiveForm.php(1076): TbActiveForm->customFieldRowInternal(Array, Object(Batch), 'yearstart', Array)
#7 /var/www/gschool/protected/extensions/bootstrap/widgets/TbActiveForm.php(733): TbActiveForm->widgetRowInternal('bootstrap.widge...', Object(Batch), 'yearstart', Array, Array)
#8 /var/www/gschool/protected/views/batch/_form.php(33): TbActiveForm->datePickerRow(Object(Batch), 'yearstart', Array)
#9 /var/www/gschool/framework/web/CBaseController.php(126): require('/var/www/gschoo...')
#10 /var/www/gschool/framework/web/CBaseController.php(95): CBaseController->renderInternal('/var/www/gschoo...', Array, true)
#11 /var/www/gschool/framework/web/CController.php(869): CBaseController->renderFile('/var/www/gschoo...', Array, true)
#12 /var/www/gschool/protected/views/batch/create.php(15): CController->renderPartial('_form', Array)
#13 /var/www/gschool/framework/web/CBaseController.php(126): require('/var/www/gschoo...')
#14 /var/www/gschool/framework/web/CBaseController.php(95): CBaseController->renderInternal('/var/www/gschoo...', Array, true)
#15 /var/www/gschool/framework/web/CController.php(869): CBaseController->renderFile('/var/www/gschoo...', Array, true)
#16 /var/www/gschool/framework/web/CController.php(782): CController->renderPartial('create', Array, true)
#17 /var/www/gschool/protected/controllers/BatchController.php(78): CController->render('create', Array)
#18 /var/www/gschool/framework/web/actions/CInlineAction.php(49): BatchController->actionCreate()
#19 /var/www/gschool/framework/web/CController.php(308): CInlineAction->runWithParams(Array)
#20 /var/www/gschool/framework/web/filters/CFilterChain.php(133): CController->runAction(Object(CInlineAction))
#21 /var/www/gschool/framework/web/filters/CFilter.php(40): CFilterChain->run()
#22 /var/www/gschool/framework/web/CController.php(1145): CFilter->filter(Object(CFilterChain))
#23 /var/www/gschool/framework/web/filters/CInlineFilter.php(58): CController->filterAccessControl(Object(CFilterChain))
#24 /var/www/gschool/framework/web/filters/CFilterChain.php(130): CInlineFilter->filter(Object(CFilterChain))
#25 /var/www/gschool/framework/web/CController.php(291): CFilterChain->run()
#26 /var/www/gschool/framework/web/CController.php(265): CController->runActionWithFilters(Object(CInlineAction), Array)
#27 /var/www/gschool/framework/web/CWebApplication.php(282): CController->run('create')
#28 /var/www/gschool/framework/web/CWebApplication.php(141): CWebApplication->runController('batch/create')
#29 /var/www/gschool/framework/base/CApplication.php(180): CWebApplication->processRequest()
#30 /var/www/gschool/index.php(13): CApplication->run()
#31 {main}
REQUEST_URI=/gschool/index.php/batch/create
HTTP_REFERER=http://localhost/gschool/index.php/batch/index
---
2014/04/03 23:59:39 [error] [exception.CException] exception 'CException' with message 'Property "TbDatePicker.0" is not defined.' in /var/www/gschool/framework/base/CComponent.php:173
Stack trace:
#0 /var/www/gschool/framework/web/CWidgetFactory.php(161): CComponent->__set('0', Array)
#1 /var/www/gschool/framework/web/CBaseController.php(146): CWidgetFactory->createWidget(Object(BatchController), 'bootstrap.widge...', Array)
#2 /var/www/gschool/framework/web/CBaseController.php(166): CBaseController->createWidget('bootstrap.widge...', Array)
#3 [internal function]: CBaseController->widget('bootstrap.widge...', Array, true)
#4 /var/www/gschool/protected/extensions/bootstrap/widgets/TbActiveForm.php(1191): call_user_func_array(Array, Array)
#5 /var/www/gschool/protected/extensions/bootstrap/widgets/TbActiveForm.php(1100): TbActiveForm->verticalFieldRow(Array, Object(Batch), 'yearstart', Array)
#6 /var/www/gschool/protected/extensions/bootstrap/widgets/TbActiveForm.php(1076): TbActiveForm->customFieldRowInternal(Array, Object(Batch), 'yearstart', Array)
#7 /var/www/gschool/protected/extensions/bootstrap/widgets/TbActiveForm.php(733): TbActiveForm->widgetRowInternal('bootstrap.widge...', Object(Batch), 'yearstart', Array, Array)
#8 /var/www/gschool/protected/views/batch/_form.php(33): TbActiveForm->datePickerRow(Object(Batch), 'yearstart', Array)
#9 /var/www/gschool/framework/web/CBaseController.php(126): require('/var/www/gschoo...')
#10 /var/www/gschool/framework/web/CBaseController.php(95): CBaseController->renderInternal('/var/www/gschoo...', Array, true)
#11 /var/www/gschool/framework/web/CController.php(869): CBaseController->renderFile('/var/www/gschoo...', Array, true)
#12 /var/www/gschool/protected/views/batch/create.php(15): CController->renderPartial('_form', Array)
#13 /var/www/gschool/framework/web/CBaseController.php(126): require('/var/www/gschoo...')
#14 /var/www/gschool/framework/web/CBaseController.php(95): CBaseController->renderInternal('/var/www/gschoo...', Array, true)
#15 /var/www/gschool/framework/web/CController.php(869): CBaseController->renderFile('/var/www/gschoo...', Array, true)
#16 /var/www/gschool/framework/web/CController.php(782): CController->renderPartial('create', Array, true)
#17 /var/www/gschool/protected/controllers/BatchController.php(78): CController->render('create', Array)
#18 /var/www/gschool/framework/web/actions/CInlineAction.php(49): BatchController->actionCreate()
#19 /var/www/gschool/framework/web/CController.php(308): CInlineAction->runWithParams(Array)
#20 /var/www/gschool/framework/web/filters/CFilterChain.php(133): CController->runAction(Object(CInlineAction))
#21 /var/www/gschool/framework/web/filters/CFilter.php(40): CFilterChain->run()
#22 /var/www/gschool/framework/web/CController.php(1145): CFilter->filter(Object(CFilterChain))
#23 /var/www/gschool/framework/web/filters/CInlineFilter.php(58): CController->filterAccessControl(Object(CFilterChain))
#24 /var/www/gschool/framework/web/filters/CFilterChain.php(130): CInlineFilter->filter(Object(CFilterChain))
#25 /var/www/gschool/framework/web/CController.php(291): CFilterChain->run()
#26 /var/www/gschool/framework/web/CController.php(265): CController->runActionWithFilters(Object(CInlineAction), Array)
#27 /var/www/gschool/framework/web/CWebApplication.php(282): CController->run('create')
#28 /var/www/gschool/framework/web/CWebApplication.php(141): CWebApplication->runController('batch/create')
#29 /var/www/gschool/framework/base/CApplication.php(180): CWebApplication->processRequest()
#30 /var/www/gschool/index.php(13): CApplication->run()
#31 {main}
REQUEST_URI=/gschool/index.php/batch/create
HTTP_REFERER=http://localhost/gschool/index.php/batch/index
---
